[0.317s] Invoking command in '/home/sk8terboi/arduinobot_ws/src/arduinobot_py_example': PYTHONPATH=/home/sk8terboi/arduinobot_ws/build/arduinobot_py_example/prefix_override:/home/sk8terboi/arduinobot_ws/install/arduinobot_py_example/lib/python3.10/site-packages:${PYTHONPATH} /usr/bin/python3 -W ignore:setup.py install is deprecated setup.py egg_info --egg-base ../../build/arduinobot_py_example build --build-base /home/sk8terboi/arduinobot_ws/build/arduinobot_py_example/build install --record /home/sk8terboi/arduinobot_ws/build/arduinobot_py_example/install.log --single-version-externally-managed install_data
[0.437s] running egg_info
[0.437s] writing ../../build/arduinobot_py_example/arduinobot_py_example.egg-info/PKG-INFO
[0.438s] writing dependency_links to ../../build/arduinobot_py_example/arduinobot_py_example.egg-info/dependency_links.txt
[0.438s] writing entry points to ../../build/arduinobot_py_example/arduinobot_py_example.egg-info/entry_points.txt
[0.438s] writing requirements to ../../build/arduinobot_py_example/arduinobot_py_example.egg-info/requires.txt
[0.438s] writing top-level names to ../../build/arduinobot_py_example/arduinobot_py_example.egg-info/top_level.txt
[0.438s] reading manifest file '../../build/arduinobot_py_example/arduinobot_py_example.egg-info/SOURCES.txt'
[0.439s] writing manifest file '../../build/arduinobot_py_example/arduinobot_py_example.egg-info/SOURCES.txt'
[0.439s] running build
[0.439s] running build_py
[0.439s] copying arduinobot_py_example/simple_publisher.py -> /home/sk8terboi/arduinobot_ws/build/arduinobot_py_example/build/lib/arduinobot_py_example
[0.439s] running install
[0.440s] running install_lib
[0.440s] copying /home/sk8terboi/arduinobot_ws/build/arduinobot_py_example/build/lib/arduinobot_py_example/simple_publisher.py -> /home/sk8terboi/arduinobot_ws/install/arduinobot_py_example/lib/python3.10/site-packages/arduinobot_py_example
[0.440s] byte-compiling /home/sk8terboi/arduinobot_ws/install/arduinobot_py_example/lib/python3.10/site-packages/arduinobot_py_example/simple_publisher.py to simple_publisher.cpython-310.pyc
[0.440s] running install_data
[0.441s] running install_egg_info
[0.441s] removing '/home/sk8terboi/arduinobot_ws/install/arduinobot_py_example/lib/python3.10/site-packages/arduinobot_py_example-0.0.0-py3.10.egg-info' (and everything under it)
[0.442s] Copying ../../build/arduinobot_py_example/arduinobot_py_example.egg-info to /home/sk8terboi/arduinobot_ws/install/arduinobot_py_example/lib/python3.10/site-packages/arduinobot_py_example-0.0.0-py3.10.egg-info
[0.442s] running install_scripts
[0.455s] Installing simple_publisher script to /home/sk8terboi/arduinobot_ws/install/arduinobot_py_example/lib/arduinobot_py_example
[0.455s] writing list of installed files to '/home/sk8terboi/arduinobot_ws/build/arduinobot_py_example/install.log'
[0.467s] Invoked command in '/home/sk8terboi/arduinobot_ws/src/arduinobot_py_example' returned '0': PYTHONPATH=/home/sk8terboi/arduinobot_ws/build/arduinobot_py_example/prefix_override:/home/sk8terboi/arduinobot_ws/install/arduinobot_py_example/lib/python3.10/site-packages:${PYTHONPATH} /usr/bin/python3 -W ignore:setup.py install is deprecated setup.py egg_info --egg-base ../../build/arduinobot_py_example build --build-base /home/sk8terboi/arduinobot_ws/build/arduinobot_py_example/build install --record /home/sk8terboi/arduinobot_ws/build/arduinobot_py_example/install.log --single-version-externally-managed install_data
