[0.074s] DEBUG:colcon:Command line arguments: ['/usr/bin/colcon', 'list', '-p', '--base-paths', '/home/sk8terboi/arduinobot_ws']
[0.074s] DEBUG:colcon:Parsed command line arguments: Namespace(log_base=None, log_level=None, verb_name='list', build_base='build', ignore_user_meta=False, metas=['./colcon.meta'], base_paths=['/home/sk8terboi/arduinobot_ws'], packages_ignore=None, packages_ignore_regex=None, paths=None, packages_up_to=None, packages_up_to_regex=None, packages_above=None, packages_above_and_dependencies=None, packages_above_depth=None, packages_select_by_dep=None, packages_skip_by_dep=None, packages_skip_up_to=None, packages_select_build_failed=False, packages_skip_build_finished=False, packages_select_test_failures=False, packages_skip_test_passed=False, packages_select=None, packages_skip=None, packages_select_regex=None, packages_skip_regex=None, packages_start=None, packages_end=None, allow_overriding=[], topological_order=False, names_only=False, paths_only=True, topological_graph=False, topological_graph_dot=False, topological_graph_density=False, topological_graph_legend=False, topological_graph_dot_cluster=False, topological_graph_dot_include_skipped=False, verb_parser=<colcon_defaults.argument_parser.defaults.DefaultArgumentsDecorator object at 0x7ce275040d30>, verb_extension=<colcon_package_information.verb.list.ListVerb object at 0x7ce2750400a0>, main=<bound method ListVerb.main of <colcon_package_information.verb.list.ListVerb object at 0x7ce2750400a0>>)
[0.274s] Level 1:colcon.colcon_core.package_discovery:discover_packages(colcon_meta) check parameters
[0.274s] Level 1:colcon.colcon_core.package_discovery:discover_packages(recursive) check parameters
[0.274s] Level 1:colcon.colcon_core.package_discovery:discover_packages(ignore) check parameters
[0.274s] Level 1:colcon.colcon_core.package_discovery:discover_packages(path) check parameters
[0.274s] Level 1:colcon.colcon_core.package_discovery:discover_packages(recursive) discover
[0.274s] INFO:colcon.colcon_core.package_discovery:Crawling recursively for packages in '/home/sk8terboi/arduinobot_ws'
[0.275s] Level 1:colcon.colcon_core.package_identification:_identify(/home/sk8terboi/arduinobot_ws) by extensions ['ignore', 'ignore_ament_install']
[0.275s] Level 1:colcon.colcon_core.package_identification:_identify(/home/sk8terboi/arduinobot_ws) by extension 'ignore'
[0.275s] Level 1:colcon.colcon_core.package_identification:_identify(/home/sk8terboi/arduinobot_ws) by extension 'ignore_ament_install'
[0.275s] Level 1:colcon.colcon_core.package_identification:_identify(/home/sk8terboi/arduinobot_ws) by extensions ['colcon_pkg']
[0.275s] Level 1:colcon.colcon_core.package_identification:_identify(/home/sk8terboi/arduinobot_ws) by extension 'colcon_pkg'
[0.275s] Level 1:colcon.colcon_core.package_identification:_identify(/home/sk8terboi/arduinobot_ws) by extensions ['colcon_meta']
[0.275s] Level 1:colcon.colcon_core.package_identification:_identify(/home/sk8terboi/arduinobot_ws) by extension 'colcon_meta'
[0.275s] Level 1:colcon.colcon_core.package_identification:_identify(/home/sk8terboi/arduinobot_ws) by extensions ['ros']
[0.275s] Level 1:colcon.colcon_core.package_identification:_identify(/home/sk8terboi/arduinobot_ws) by extension 'ros'
[0.288s] Level 1:colcon.colcon_core.package_identification:_identify(/home/sk8terboi/arduinobot_ws) by extensions ['cmake', 'python']
[0.288s] Level 1:colcon.colcon_core.package_identification:_identify(/home/sk8terboi/arduinobot_ws) by extension 'cmake'
[0.288s] Level 1:colcon.colcon_core.package_identification:_identify(/home/sk8terboi/arduinobot_ws) by extension 'python'
[0.288s] Level 1:colcon.colcon_core.package_identification:_identify(/home/sk8terboi/arduinobot_ws) by extensions ['python_setup_py']
[0.288s] Level 1:colcon.colcon_core.package_identification:_identify(/home/sk8terboi/arduinobot_ws) by extension 'python_setup_py'
[0.288s] Level 1:colcon.colcon_core.package_identification:_identify(/home/sk8terboi/arduinobot_ws/arm_urdf) by extensions ['ignore', 'ignore_ament_install']
[0.288s] Level 1:colcon.colcon_core.package_identification:_identify(/home/sk8terboi/arduinobot_ws/arm_urdf) by extension 'ignore'
[0.288s] Level 1:colcon.colcon_core.package_identification:_identify(/home/sk8terboi/arduinobot_ws/arm_urdf) by extension 'ignore_ament_install'
[0.288s] Level 1:colcon.colcon_core.package_identification:_identify(/home/sk8terboi/arduinobot_ws/arm_urdf) by extensions ['colcon_pkg']
[0.288s] Level 1:colcon.colcon_core.package_identification:_identify(/home/sk8terboi/arduinobot_ws/arm_urdf) by extension 'colcon_pkg'
[0.288s] Level 1:colcon.colcon_core.package_identification:_identify(/home/sk8terboi/arduinobot_ws/arm_urdf) by extensions ['colcon_meta']
[0.288s] Level 1:colcon.colcon_core.package_identification:_identify(/home/sk8terboi/arduinobot_ws/arm_urdf) by extension 'colcon_meta'
[0.288s] Level 1:colcon.colcon_core.package_identification:_identify(/home/sk8terboi/arduinobot_ws/arm_urdf) by extensions ['ros']
[0.288s] Level 1:colcon.colcon_core.package_identification:_identify(/home/sk8terboi/arduinobot_ws/arm_urdf) by extension 'ros'
[0.291s] DEBUG:colcon.colcon_core.package_identification:Package '/home/sk8terboi/arduinobot_ws/arm_urdf' with type 'ros.ament_cmake' and name 'arm_urdf'
[0.291s] Level 1:colcon.colcon_core.package_identification:_identify(/home/sk8terboi/arduinobot_ws/build) by extensions ['ignore', 'ignore_ament_install']
[0.291s] Level 1:colcon.colcon_core.package_identification:_identify(/home/sk8terboi/arduinobot_ws/build) by extension 'ignore'
[0.291s] Level 1:colcon.colcon_core.package_identification:_identify(/home/sk8terboi/arduinobot_ws/build) ignored
[0.292s] Level 1:colcon.colcon_core.package_identification:_identify(/home/sk8terboi/arduinobot_ws/install) by extensions ['ignore', 'ignore_ament_install']
[0.292s] Level 1:colcon.colcon_core.package_identification:_identify(/home/sk8terboi/arduinobot_ws/install) by extension 'ignore'
[0.292s] Level 1:colcon.colcon_core.package_identification:_identify(/home/sk8terboi/arduinobot_ws/install) ignored
[0.292s] Level 1:colcon.colcon_core.package_identification:_identify(/home/sk8terboi/arduinobot_ws/log) by extensions ['ignore', 'ignore_ament_install']
[0.292s] Level 1:colcon.colcon_core.package_identification:_identify(/home/sk8terboi/arduinobot_ws/log) by extension 'ignore'
[0.292s] Level 1:colcon.colcon_core.package_identification:_identify(/home/sk8terboi/arduinobot_ws/log) ignored
[0.292s] Level 1:colcon.colcon_core.package_identification:_identify(/home/sk8terboi/arduinobot_ws/myenv) by extensions ['ignore', 'ignore_ament_install']
[0.292s] Level 1:colcon.colcon_core.package_identification:_identify(/home/sk8terboi/arduinobot_ws/myenv) by extension 'ignore'
[0.292s] Level 1:colcon.colcon_core.package_identification:_identify(/home/sk8terboi/arduinobot_ws/myenv) by extension 'ignore_ament_install'
[0.292s] Level 1:colcon.colcon_core.package_identification:_identify(/home/sk8terboi/arduinobot_ws/myenv) by extensions ['colcon_pkg']
[0.292s] Level 1:colcon.colcon_core.package_identification:_identify(/home/sk8terboi/arduinobot_ws/myenv) by extension 'colcon_pkg'
[0.293s] Level 1:colcon.colcon_core.package_identification:_identify(/home/sk8terboi/arduinobot_ws/myenv) by extensions ['colcon_meta']
[0.293s] Level 1:colcon.colcon_core.package_identification:_identify(/home/sk8terboi/arduinobot_ws/myenv) by extension 'colcon_meta'
[0.293s] Level 1:colcon.colcon_core.package_identification:_identify(/home/sk8terboi/arduinobot_ws/myenv) by extensions ['ros']
[0.293s] Level 1:colcon.colcon_core.package_identification:_identify(/home/sk8terboi/arduinobot_ws/myenv) by extension 'ros'
[0.293s] Level 1:colcon.colcon_core.package_identification:_identify(/home/sk8terboi/arduinobot_ws/myenv) by extensions ['cmake', 'python']
[0.293s] Level 1:colcon.colcon_core.package_identification:_identify(/home/sk8terboi/arduinobot_ws/myenv) by extension 'cmake'
[0.293s] Level 1:colcon.colcon_core.package_identification:_identify(/home/sk8terboi/arduinobot_ws/myenv) by extension 'python'
[0.293s] Level 1:colcon.colcon_core.package_identification:_identify(/home/sk8terboi/arduinobot_ws/myenv) by extensions ['python_setup_py']
[0.293s] Level 1:colcon.colcon_core.package_identification:_identify(/home/sk8terboi/arduinobot_ws/myenv) by extension 'python_setup_py'
[0.293s] Level 1:colcon.colcon_core.package_identification:_identify(/home/sk8terboi/arduinobot_ws/myenv/bin) by extensions ['ignore', 'ignore_ament_install']
[0.293s] Level 1:colcon.colcon_core.package_identification:_identify(/home/sk8terboi/arduinobot_ws/myenv/bin) by extension 'ignore'
[0.293s] Level 1:colcon.colcon_core.package_identification:_identify(/home/sk8terboi/arduinobot_ws/myenv/bin) by extension 'ignore_ament_install'
[0.293s] Level 1:colcon.colcon_core.package_identification:_identify(/home/sk8terboi/arduinobot_ws/myenv/bin) by extensions ['colcon_pkg']
[0.293s] Level 1:colcon.colcon_core.package_identification:_identify(/home/sk8terboi/arduinobot_ws/myenv/bin) by extension 'colcon_pkg'
[0.293s] Level 1:colcon.colcon_core.package_identification:_identify(/home/sk8terboi/arduinobot_ws/myenv/bin) by extensions ['colcon_meta']
[0.293s] Level 1:colcon.colcon_core.package_identification:_identify(/home/sk8terboi/arduinobot_ws/myenv/bin) by extension 'colcon_meta'
[0.293s] Level 1:colcon.colcon_core.package_identification:_identify(/home/sk8terboi/arduinobot_ws/myenv/bin) by extensions ['ros']
[0.293s] Level 1:colcon.colcon_core.package_identification:_identify(/home/sk8terboi/arduinobot_ws/myenv/bin) by extension 'ros'
[0.294s] Level 1:colcon.colcon_core.package_identification:_identify(/home/sk8terboi/arduinobot_ws/myenv/bin) by extensions ['cmake', 'python']
[0.294s] Level 1:colcon.colcon_core.package_identification:_identify(/home/sk8terboi/arduinobot_ws/myenv/bin) by extension 'cmake'
[0.294s] Level 1:colcon.colcon_core.package_identification:_identify(/home/sk8terboi/arduinobot_ws/myenv/bin) by extension 'python'
[0.294s] Level 1:colcon.colcon_core.package_identification:_identify(/home/sk8terboi/arduinobot_ws/myenv/bin) by extensions ['python_setup_py']
[0.294s] Level 1:colcon.colcon_core.package_identification:_identify(/home/sk8terboi/arduinobot_ws/myenv/bin) by extension 'python_setup_py'
[0.294s] Level 1:colcon.colcon_core.package_identification:_identify(/home/sk8terboi/arduinobot_ws/myenv/include) by extensions ['ignore', 'ignore_ament_install']
[0.294s] Level 1:colcon.colcon_core.package_identification:_identify(/home/sk8terboi/arduinobot_ws/myenv/include) by extension 'ignore'
[0.294s] Level 1:colcon.colcon_core.package_identification:_identify(/home/sk8terboi/arduinobot_ws/myenv/include) by extension 'ignore_ament_install'
[0.294s] Level 1:colcon.colcon_core.package_identification:_identify(/home/sk8terboi/arduinobot_ws/myenv/include) by extensions ['colcon_pkg']
[0.294s] Level 1:colcon.colcon_core.package_identification:_identify(/home/sk8terboi/arduinobot_ws/myenv/include) by extension 'colcon_pkg'
[0.294s] Level 1:colcon.colcon_core.package_identification:_identify(/home/sk8terboi/arduinobot_ws/myenv/include) by extensions ['colcon_meta']
[0.294s] Level 1:colcon.colcon_core.package_identification:_identify(/home/sk8terboi/arduinobot_ws/myenv/include) by extension 'colcon_meta'
[0.294s] Level 1:colcon.colcon_core.package_identification:_identify(/home/sk8terboi/arduinobot_ws/myenv/include) by extensions ['ros']
[0.294s] Level 1:colcon.colcon_core.package_identification:_identify(/home/sk8terboi/arduinobot_ws/myenv/include) by extension 'ros'
[0.294s] Level 1:colcon.colcon_core.package_identification:_identify(/home/sk8terboi/arduinobot_ws/myenv/include) by extensions ['cmake', 'python']
[0.294s] Level 1:colcon.colcon_core.package_identification:_identify(/home/sk8terboi/arduinobot_ws/myenv/include) by extension 'cmake'
[0.294s] Level 1:colcon.colcon_core.package_identification:_identify(/home/sk8terboi/arduinobot_ws/myenv/include) by extension 'python'
[0.294s] Level 1:colcon.colcon_core.package_identification:_identify(/home/sk8terboi/arduinobot_ws/myenv/include) by extensions ['python_setup_py']
[0.294s] Level 1:colcon.colcon_core.package_identification:_identify(/home/sk8terboi/arduinobot_ws/myenv/include) by extension 'python_setup_py'
[0.295s] Level 1:colcon.colcon_core.package_identification:_identify(/home/sk8terboi/arduinobot_ws/myenv/lib) by extensions ['ignore', 'ignore_ament_install']
[0.295s] Level 1:colcon.colcon_core.package_identification:_identify(/home/sk8terboi/arduinobot_ws/myenv/lib) by extension 'ignore'
[0.295s] Level 1:colcon.colcon_core.package_identification:_identify(/home/sk8terboi/arduinobot_ws/myenv/lib) by extension 'ignore_ament_install'
[0.295s] Level 1:colcon.colcon_core.package_identification:_identify(/home/sk8terboi/arduinobot_ws/myenv/lib) by extensions ['colcon_pkg']
[0.295s] Level 1:colcon.colcon_core.package_identification:_identify(/home/sk8terboi/arduinobot_ws/myenv/lib) by extension 'colcon_pkg'
[0.295s] Level 1:colcon.colcon_core.package_identification:_identify(/home/sk8terboi/arduinobot_ws/myenv/lib) by extensions ['colcon_meta']
[0.295s] Level 1:colcon.colcon_core.package_identification:_identify(/home/sk8terboi/arduinobot_ws/myenv/lib) by extension 'colcon_meta'
[0.295s] Level 1:colcon.colcon_core.package_identification:_identify(/home/sk8terboi/arduinobot_ws/myenv/lib) by extensions ['ros']
[0.295s] Level 1:colcon.colcon_core.package_identification:_identify(/home/sk8terboi/arduinobot_ws/myenv/lib) by extension 'ros'
[0.295s] Level 1:colcon.colcon_core.package_identification:_identify(/home/sk8terboi/arduinobot_ws/myenv/lib) by extensions ['cmake', 'python']
[0.295s] Level 1:colcon.colcon_core.package_identification:_identify(/home/sk8terboi/arduinobot_ws/myenv/lib) by extension 'cmake'
[0.295s] Level 1:colcon.colcon_core.package_identification:_identify(/home/sk8terboi/arduinobot_ws/myenv/lib) by extension 'python'
[0.295s] Level 1:colcon.colcon_core.package_identification:_identify(/home/sk8terboi/arduinobot_ws/myenv/lib) by extensions ['python_setup_py']
[0.295s] Level 1:colcon.colcon_core.package_identification:_identify(/home/sk8terboi/arduinobot_ws/myenv/lib) by extension 'python_setup_py'
[0.295s] Level 1:colcon.colcon_core.package_identification:_identify(/home/sk8terboi/arduinobot_ws/myenv/lib/python3.9) by extensions ['ignore', 'ignore_ament_install']
[0.295s] Level 1:colcon.colcon_core.package_identification:_identify(/home/sk8terboi/arduinobot_ws/myenv/lib/python3.9) by extension 'ignore'
[0.295s] Level 1:colcon.colcon_core.package_identification:_identify(/home/sk8terboi/arduinobot_ws/myenv/lib/python3.9) by extension 'ignore_ament_install'
[0.295s] Level 1:colcon.colcon_core.package_identification:_identify(/home/sk8terboi/arduinobot_ws/myenv/lib/python3.9) by extensions ['colcon_pkg']
[0.295s] Level 1:colcon.colcon_core.package_identification:_identify(/home/sk8terboi/arduinobot_ws/myenv/lib/python3.9) by extension 'colcon_pkg'
[0.295s] Level 1:colcon.colcon_core.package_identification:_identify(/home/sk8terboi/arduinobot_ws/myenv/lib/python3.9) by extensions ['colcon_meta']
[0.296s] Level 1:colcon.colcon_core.package_identification:_identify(/home/sk8terboi/arduinobot_ws/myenv/lib/python3.9) by extension 'colcon_meta'
[0.296s] Level 1:colcon.colcon_core.package_identification:_identify(/home/sk8terboi/arduinobot_ws/myenv/lib/python3.9) by extensions ['ros']
[0.296s] Level 1:colcon.colcon_core.package_identification:_identify(/home/sk8terboi/arduinobot_ws/myenv/lib/python3.9) by extension 'ros'
[0.296s] Level 1:colcon.colcon_core.package_identification:_identify(/home/sk8terboi/arduinobot_ws/myenv/lib/python3.9) by extensions ['cmake', 'python']
[0.296s] Level 1:colcon.colcon_core.package_identification:_identify(/home/sk8terboi/arduinobot_ws/myenv/lib/python3.9) by extension 'cmake'
[0.296s] Level 1:colcon.colcon_core.package_identification:_identify(/home/sk8terboi/arduinobot_ws/myenv/lib/python3.9) by extension 'python'
[0.296s] Level 1:colcon.colcon_core.package_identification:_identify(/home/sk8terboi/arduinobot_ws/myenv/lib/python3.9) by extensions ['python_setup_py']
[0.296s] Level 1:colcon.colcon_core.package_identification:_identify(/home/sk8terboi/arduinobot_ws/myenv/lib/python3.9) by extension 'python_setup_py'
[0.296s] Level 1:colcon.colcon_core.package_identification:_identify(/home/sk8terboi/arduinobot_ws/myenv/lib/python3.9/site-packages) by extensions ['ignore', 'ignore_ament_install']
[0.296s] Level 1:colcon.colcon_core.package_identification:_identify(/home/sk8terboi/arduinobot_ws/myenv/lib/python3.9/site-packages) by extension 'ignore'
[0.296s] Level 1:colcon.colcon_core.package_identification:_identify(/home/sk8terboi/arduinobot_ws/myenv/lib/python3.9/site-packages) by extension 'ignore_ament_install'
[0.296s] Level 1:colcon.colcon_core.package_identification:_identify(/home/sk8terboi/arduinobot_ws/myenv/lib/python3.9/site-packages) by extensions ['colcon_pkg']
[0.296s] Level 1:colcon.colcon_core.package_identification:_identify(/home/sk8terboi/arduinobot_ws/myenv/lib/python3.9/site-packages) by extension 'colcon_pkg'
[0.296s] Level 1:colcon.colcon_core.package_identification:_identify(/home/sk8terboi/arduinobot_ws/myenv/lib/python3.9/site-packages) by extensions ['colcon_meta']
[0.296s] Level 1:colcon.colcon_core.package_identification:_identify(/home/sk8terboi/arduinobot_ws/myenv/lib/python3.9/site-packages) by extension 'colcon_meta'
[0.296s] Level 1:colcon.colcon_core.package_identification:_identify(/home/sk8terboi/arduinobot_ws/myenv/lib/python3.9/site-packages) by extensions ['ros']
[0.296s] Level 1:colcon.colcon_core.package_identification:_identify(/home/sk8terboi/arduinobot_ws/myenv/lib/python3.9/site-packages) by extension 'ros'
[0.296s] Level 1:colcon.colcon_core.package_identification:_identify(/home/sk8terboi/arduinobot_ws/myenv/lib/python3.9/site-packages) by extensions ['cmake', 'python']
[0.296s] Level 1:colcon.colcon_core.package_identification:_identify(/home/sk8terboi/arduinobot_ws/myenv/lib/python3.9/site-packages) by extension 'cmake'
[0.297s] Level 1:colcon.colcon_core.package_identification:_identify(/home/sk8terboi/arduinobot_ws/myenv/lib/python3.9/site-packages) by extension 'python'
[0.297s] Level 1:colcon.colcon_core.package_identification:_identify(/home/sk8terboi/arduinobot_ws/myenv/lib/python3.9/site-packages) by extensions ['python_setup_py']
[0.297s] Level 1:colcon.colcon_core.package_identification:_identify(/home/sk8terboi/arduinobot_ws/myenv/lib/python3.9/site-packages) by extension 'python_setup_py'
[0.297s] Level 1:colcon.colcon_core.package_identification:_identify(/home/sk8terboi/arduinobot_ws/src) by extensions ['ignore', 'ignore_ament_install']
[0.297s] Level 1:colcon.colcon_core.package_identification:_identify(/home/sk8terboi/arduinobot_ws/src) by extension 'ignore'
[0.297s] Level 1:colcon.colcon_core.package_identification:_identify(/home/sk8terboi/arduinobot_ws/src) by extension 'ignore_ament_install'
[0.297s] Level 1:colcon.colcon_core.package_identification:_identify(/home/sk8terboi/arduinobot_ws/src) by extensions ['colcon_pkg']
[0.297s] Level 1:colcon.colcon_core.package_identification:_identify(/home/sk8terboi/arduinobot_ws/src) by extension 'colcon_pkg'
[0.297s] Level 1:colcon.colcon_core.package_identification:_identify(/home/sk8terboi/arduinobot_ws/src) by extensions ['colcon_meta']
[0.297s] Level 1:colcon.colcon_core.package_identification:_identify(/home/sk8terboi/arduinobot_ws/src) by extension 'colcon_meta'
[0.297s] Level 1:colcon.colcon_core.package_identification:_identify(/home/sk8terboi/arduinobot_ws/src) by extensions ['ros']
[0.297s] Level 1:colcon.colcon_core.package_identification:_identify(/home/sk8terboi/arduinobot_ws/src) by extension 'ros'
[0.297s] Level 1:colcon.colcon_core.package_identification:_identify(/home/sk8terboi/arduinobot_ws/src) by extensions ['cmake', 'python']
[0.297s] Level 1:colcon.colcon_core.package_identification:_identify(/home/sk8terboi/arduinobot_ws/src) by extension 'cmake'
[0.297s] Level 1:colcon.colcon_core.package_identification:_identify(/home/sk8terboi/arduinobot_ws/src) by extension 'python'
[0.297s] Level 1:colcon.colcon_core.package_identification:_identify(/home/sk8terboi/arduinobot_ws/src) by extensions ['python_setup_py']
[0.297s] Level 1:colcon.colcon_core.package_identification:_identify(/home/sk8terboi/arduinobot_ws/src) by extension 'python_setup_py'
[0.297s] Level 1:colcon.colcon_core.package_identification:_identify(/home/sk8terboi/arduinobot_ws/src/arduinobot_py_example) by extensions ['ignore', 'ignore_ament_install']
[0.298s] Level 1:colcon.colcon_core.package_identification:_identify(/home/sk8terboi/arduinobot_ws/src/arduinobot_py_example) by extension 'ignore'
[0.298s] Level 1:colcon.colcon_core.package_identification:_identify(/home/sk8terboi/arduinobot_ws/src/arduinobot_py_example) by extension 'ignore_ament_install'
[0.298s] Level 1:colcon.colcon_core.package_identification:_identify(/home/sk8terboi/arduinobot_ws/src/arduinobot_py_example) by extensions ['colcon_pkg']
[0.298s] Level 1:colcon.colcon_core.package_identification:_identify(/home/sk8terboi/arduinobot_ws/src/arduinobot_py_example) by extension 'colcon_pkg'
[0.298s] Level 1:colcon.colcon_core.package_identification:_identify(/home/sk8terboi/arduinobot_ws/src/arduinobot_py_example) by extensions ['colcon_meta']
[0.298s] Level 1:colcon.colcon_core.package_identification:_identify(/home/sk8terboi/arduinobot_ws/src/arduinobot_py_example) by extension 'colcon_meta'
[0.298s] Level 1:colcon.colcon_core.package_identification:_identify(/home/sk8terboi/arduinobot_ws/src/arduinobot_py_example) by extensions ['ros']
[0.298s] Level 1:colcon.colcon_core.package_identification:_identify(/home/sk8terboi/arduinobot_ws/src/arduinobot_py_example) by extension 'ros'
[0.298s] DEBUG:colcon.colcon_core.package_identification:Package '/home/sk8terboi/arduinobot_ws/src/arduinobot_py_example' with type 'ros.ament_python' and name 'arduinobot_py_example'
[0.298s] Level 1:colcon.colcon_core.package_discovery:discover_packages(recursive) using defaults
