[0.007s] Invoking command in '/home/sk8terboi/arduinobot_ws/build/arduinobot_cpp_example': CMAKE_PREFIX_PATH=/opt/ros/humble /usr/bin/cmake /home/sk8terboi/arduinobot_ws/src/arduinobot_cpp_example -DCMAKE_INSTALL_PREFIX=/home/sk8terboi/arduinobot_ws/install/arduinobot_cpp_example
[0.111s] -- The C compiler identification is GNU 11.4.0
[0.187s] -- The CXX compiler identification is GNU 11.4.0
[0.193s] -- Detecting C compiler ABI info
[0.237s] -- Detecting C compiler ABI info - done
[0.241s] -- Check for working C compiler: /usr/bin/cc - skipped
[0.241s] -- Detecting C compile features
[0.242s] -- Detecting C compile features - done
[0.244s] -- Detecting CXX compiler ABI info
[0.290s] -- Detecting CXX compiler ABI info - done
[0.294s] -- Check for working CXX compiler: /usr/bin/c++ - skipped
[0.294s] -- Detecting CXX compile features
[0.294s] -- Detecting CXX compile features - done
[0.297s] -- Found ament_cmake: 1.3.9 (/opt/ros/humble/share/ament_cmake/cmake)
[0.386s] -- Found Python3: /usr/bin/python3 (found version "3.10.12") found components: Interpreter 
[0.447s] -- Found ament_lint_auto: 0.12.11 (/opt/ros/humble/share/ament_lint_auto/cmake)
[0.495s] -- Added test 'lint_cmake' to check CMake code style
[0.496s] -- Added test 'xmllint' to check XML markup files
[0.496s] -- Configuring done
[0.498s] -- Generating done
[0.498s] -- Build files have been written to: /home/sk8terboi/arduinobot_ws/build/arduinobot_cpp_example
[0.501s] Invoked command in '/home/sk8terboi/arduinobot_ws/build/arduinobot_cpp_example' returned '0': CMAKE_PREFIX_PATH=/opt/ros/humble /usr/bin/cmake /home/sk8terboi/arduinobot_ws/src/arduinobot_cpp_example -DCMAKE_INSTALL_PREFIX=/home/sk8terboi/arduinobot_ws/install/arduinobot_cpp_example
[0.502s] Invoking command in '/home/sk8terboi/arduinobot_ws/build/arduinobot_cpp_example': CMAKE_PREFIX_PATH=/opt/ros/humble /usr/bin/cmake --build /home/sk8terboi/arduinobot_ws/build/arduinobot_cpp_example -- -j16 -l16
[0.522s] Invoked command in '/home/sk8terboi/arduinobot_ws/build/arduinobot_cpp_example' returned '0': CMAKE_PREFIX_PATH=/opt/ros/humble /usr/bin/cmake --build /home/sk8terboi/arduinobot_ws/build/arduinobot_cpp_example -- -j16 -l16
[0.540s] Invoking command in '/home/sk8terboi/arduinobot_ws/build/arduinobot_cpp_example': CMAKE_PREFIX_PATH=/opt/ros/humble /usr/bin/cmake --install /home/sk8terboi/arduinobot_ws/build/arduinobot_cpp_example
[0.544s] -- Install configuration: ""
[0.544s] -- Installing: /home/sk8terboi/arduinobot_ws/install/arduinobot_cpp_example/share/ament_index/resource_index/package_run_dependencies/arduinobot_cpp_example
[0.544s] -- Installing: /home/sk8terboi/arduinobot_ws/install/arduinobot_cpp_example/share/ament_index/resource_index/parent_prefix_path/arduinobot_cpp_example
[0.544s] -- Installing: /home/sk8terboi/arduinobot_ws/install/arduinobot_cpp_example/share/arduinobot_cpp_example/environment/ament_prefix_path.sh
[0.544s] -- Installing: /home/sk8terboi/arduinobot_ws/install/arduinobot_cpp_example/share/arduinobot_cpp_example/environment/ament_prefix_path.dsv
[0.544s] -- Installing: /home/sk8terboi/arduinobot_ws/install/arduinobot_cpp_example/share/arduinobot_cpp_example/environment/path.sh
[0.544s] -- Installing: /home/sk8terboi/arduinobot_ws/install/arduinobot_cpp_example/share/arduinobot_cpp_example/environment/path.dsv
[0.544s] -- Installing: /home/sk8terboi/arduinobot_ws/install/arduinobot_cpp_example/share/arduinobot_cpp_example/local_setup.bash
[0.545s] -- Installing: /home/sk8terboi/arduinobot_ws/install/arduinobot_cpp_example/share/arduinobot_cpp_example/local_setup.sh
[0.545s] -- Installing: /home/sk8terboi/arduinobot_ws/install/arduinobot_cpp_example/share/arduinobot_cpp_example/local_setup.zsh
[0.545s] -- Installing: /home/sk8terboi/arduinobot_ws/install/arduinobot_cpp_example/share/arduinobot_cpp_example/local_setup.dsv
[0.545s] -- Installing: /home/sk8terboi/arduinobot_ws/install/arduinobot_cpp_example/share/arduinobot_cpp_example/package.dsv
[0.545s] -- Installing: /home/sk8terboi/arduinobot_ws/install/arduinobot_cpp_example/share/ament_index/resource_index/packages/arduinobot_cpp_example
[0.545s] -- Installing: /home/sk8terboi/arduinobot_ws/install/arduinobot_cpp_example/share/arduinobot_cpp_example/cmake/arduinobot_cpp_exampleConfig.cmake
[0.545s] -- Installing: /home/sk8terboi/arduinobot_ws/install/arduinobot_cpp_example/share/arduinobot_cpp_example/cmake/arduinobot_cpp_exampleConfig-version.cmake
[0.545s] -- Installing: /home/sk8terboi/arduinobot_ws/install/arduinobot_cpp_example/share/arduinobot_cpp_example/package.xml
[0.546s] Invoked command in '/home/sk8terboi/arduinobot_ws/build/arduinobot_cpp_example' returned '0': CMAKE_PREFIX_PATH=/opt/ros/humble /usr/bin/cmake --install /home/sk8terboi/arduinobot_ws/build/arduinobot_cpp_example
