[0.322s] Invoking command in '/home/sk8terboi/arduinobot_ws/src/arduinobot_py_example': PYTHONPATH=/home/sk8terboi/arduinobot_ws/build/arduinobot_py_example/prefix_override:/home/sk8terboi/arduinobot_ws/install/arduinobot_py_example/lib/python3.10/site-packages:${PYTHONPATH} /usr/bin/python3 -W ignore:setup.py install is deprecated setup.py egg_info --egg-base ../../build/arduinobot_py_example build --build-base /home/sk8terboi/arduinobot_ws/build/arduinobot_py_example/build install --record /home/sk8terboi/arduinobot_ws/build/arduinobot_py_example/install.log --single-version-externally-managed install_data
[0.443s] running egg_info
[0.443s] writing ../../build/arduinobot_py_example/arduinobot_py_example.egg-info/PKG-INFO
[0.443s] writing dependency_links to ../../build/arduinobot_py_example/arduinobot_py_example.egg-info/dependency_links.txt
[0.443s] writing entry points to ../../build/arduinobot_py_example/arduinobot_py_example.egg-info/entry_points.txt
[0.443s] writing requirements to ../../build/arduinobot_py_example/arduinobot_py_example.egg-info/requires.txt
[0.443s] writing top-level names to ../../build/arduinobot_py_example/arduinobot_py_example.egg-info/top_level.txt
[0.444s] reading manifest file '../../build/arduinobot_py_example/arduinobot_py_example.egg-info/SOURCES.txt'
[0.445s] writing manifest file '../../build/arduinobot_py_example/arduinobot_py_example.egg-info/SOURCES.txt'
[0.445s] running build
[0.445s] running build_py
[0.445s] running install
[0.445s] running install_lib
[0.446s] running install_data
[0.446s] running install_egg_info
[0.447s] removing '/home/sk8terboi/arduinobot_ws/install/arduinobot_py_example/lib/python3.10/site-packages/arduinobot_py_example-0.0.0-py3.10.egg-info' (and everything under it)
[0.447s] Copying ../../build/arduinobot_py_example/arduinobot_py_example.egg-info to /home/sk8terboi/arduinobot_ws/install/arduinobot_py_example/lib/python3.10/site-packages/arduinobot_py_example-0.0.0-py3.10.egg-info
[0.447s] running install_scripts
[0.459s] Installing simple_publisher script to /home/sk8terboi/arduinobot_ws/install/arduinobot_py_example/lib/arduinobot_py_example
[0.460s] writing list of installed files to '/home/sk8terboi/arduinobot_ws/build/arduinobot_py_example/install.log'
[0.475s] Invoked command in '/home/sk8terboi/arduinobot_ws/src/arduinobot_py_example' returned '0': PYTHONPATH=/home/sk8terboi/arduinobot_ws/build/arduinobot_py_example/prefix_override:/home/sk8terboi/arduinobot_ws/install/arduinobot_py_example/lib/python3.10/site-packages:${PYTHONPATH} /usr/bin/python3 -W ignore:setup.py install is deprecated setup.py egg_info --egg-base ../../build/arduinobot_py_example build --build-base /home/sk8terboi/arduinobot_ws/build/arduinobot_py_example/build install --record /home/sk8terboi/arduinobot_ws/build/arduinobot_py_example/install.log --single-version-externally-managed install_data
