[0.118s] DEBUG:colcon:Command line arguments: ['/usr/bin/colcon', 'build']
[0.119s] DEBUG:colcon:Parsed command line arguments: Namespace(log_base=None, log_level=None, verb_name='build', build_base='build', install_base='install', merge_install=False, symlink_install=False, test_result_base=None, continue_on_error=False, executor='parallel', parallel_workers=16, event_handlers=None, ignore_user_meta=False, metas=['./colcon.meta'], base_paths=['.'], packages_ignore=None, packages_ignore_regex=None, paths=None, packages_up_to=None, packages_up_to_regex=None, packages_above=None, packages_above_and_dependencies=None, packages_above_depth=None, packages_select_by_dep=None, packages_skip_by_dep=None, packages_skip_up_to=None, packages_select_build_failed=False, packages_skip_build_finished=False, packages_select_test_failures=False, packages_skip_test_passed=False, packages_select=None, packages_skip=None, packages_select_regex=None, packages_skip_regex=None, packages_start=None, packages_end=None, allow_overriding=[], cmake_args=None, cmake_target=None, cmake_target_skip_unavailable=False, cmake_clean_cache=False, cmake_clean_first=False, cmake_force_configure=False, ament_cmake_args=None, catkin_cmake_args=None, catkin_skip_building_tests=False, verb_parser=<colcon_defaults.argument_parser.defaults.DefaultArgumentsDecorator object at 0x78e8e26305b0>, verb_extension=<colcon_core.verb.build.BuildVerb object at 0x78e8e26300d0>, main=<bound method BuildVerb.main of <colcon_core.verb.build.BuildVerb object at 0x78e8e26300d0>>)
[0.291s] Level 1:colcon.colcon_core.package_discovery:discover_packages(colcon_meta) check parameters
[0.291s] Level 1:colcon.colcon_core.package_discovery:discover_packages(recursive) check parameters
[0.291s] Level 1:colcon.colcon_core.package_discovery:discover_packages(ignore) check parameters
[0.291s] Level 1:colcon.colcon_core.package_discovery:discover_packages(path) check parameters
[0.291s] Level 1:colcon.colcon_core.package_discovery:discover_packages(colcon_meta) discover
[0.291s] Level 1:colcon.colcon_core.package_discovery:discover_packages(recursive) discover
[0.291s] INFO:colcon.colcon_core.package_discovery:Crawling recursively for packages in '/home/sk8terboi/arduinobot_ws'
[0.291s] Level 1:colcon.colcon_core.package_identification:_identify(.) by extensions ['ignore', 'ignore_ament_install']
[0.292s] Level 1:colcon.colcon_core.package_identification:_identify(.) by extension 'ignore'
[0.292s] Level 1:colcon.colcon_core.package_identification:_identify(.) by extension 'ignore_ament_install'
[0.292s] Level 1:colcon.colcon_core.package_identification:_identify(.) by extensions ['colcon_pkg']
[0.292s] Level 1:colcon.colcon_core.package_identification:_identify(.) by extension 'colcon_pkg'
[0.292s] Level 1:colcon.colcon_core.package_identification:_identify(.) by extensions ['colcon_meta']
[0.292s] Level 1:colcon.colcon_core.package_identification:_identify(.) by extension 'colcon_meta'
[0.292s] Level 1:colcon.colcon_core.package_identification:_identify(.) by extensions ['ros']
[0.292s] Level 1:colcon.colcon_core.package_identification:_identify(.) by extension 'ros'
[0.304s] Level 1:colcon.colcon_core.package_identification:_identify(.) by extensions ['cmake', 'python']
[0.304s] Level 1:colcon.colcon_core.package_identification:_identify(.) by extension 'cmake'
[0.304s] Level 1:colcon.colcon_core.package_identification:_identify(.) by extension 'python'
[0.304s] Level 1:colcon.colcon_core.package_identification:_identify(.) by extensions ['python_setup_py']
[0.304s] Level 1:colcon.colcon_core.package_identification:_identify(.) by extension 'python_setup_py'
[0.305s] Level 1:colcon.colcon_core.package_identification:_identify(arm_urdf) by extensions ['ignore', 'ignore_ament_install']
[0.305s] Level 1:colcon.colcon_core.package_identification:_identify(arm_urdf) by extension 'ignore'
[0.305s] Level 1:colcon.colcon_core.package_identification:_identify(arm_urdf) by extension 'ignore_ament_install'
[0.305s] Level 1:colcon.colcon_core.package_identification:_identify(arm_urdf) by extensions ['colcon_pkg']
[0.305s] Level 1:colcon.colcon_core.package_identification:_identify(arm_urdf) by extension 'colcon_pkg'
[0.305s] Level 1:colcon.colcon_core.package_identification:_identify(arm_urdf) by extensions ['colcon_meta']
[0.305s] Level 1:colcon.colcon_core.package_identification:_identify(arm_urdf) by extension 'colcon_meta'
[0.305s] Level 1:colcon.colcon_core.package_identification:_identify(arm_urdf) by extensions ['ros']
[0.305s] Level 1:colcon.colcon_core.package_identification:_identify(arm_urdf) by extension 'ros'
[0.308s] DEBUG:colcon.colcon_core.package_identification:Package 'arm_urdf' with type 'ros.ament_cmake' and name 'arm_urdf'
[0.308s] Level 1:colcon.colcon_core.package_identification:_identify(build) by extensions ['ignore', 'ignore_ament_install']
[0.308s] Level 1:colcon.colcon_core.package_identification:_identify(build) by extension 'ignore'
[0.308s] Level 1:colcon.colcon_core.package_identification:_identify(build) ignored
[0.308s] Level 1:colcon.colcon_core.package_identification:_identify(install) by extensions ['ignore', 'ignore_ament_install']
[0.308s] Level 1:colcon.colcon_core.package_identification:_identify(install) by extension 'ignore'
[0.308s] Level 1:colcon.colcon_core.package_identification:_identify(install) ignored
[0.308s] Level 1:colcon.colcon_core.package_identification:_identify(log) by extensions ['ignore', 'ignore_ament_install']
[0.308s] Level 1:colcon.colcon_core.package_identification:_identify(log) by extension 'ignore'
[0.308s] Level 1:colcon.colcon_core.package_identification:_identify(log) ignored
[0.309s] Level 1:colcon.colcon_core.package_identification:_identify(myenv) by extensions ['ignore', 'ignore_ament_install']
[0.309s] Level 1:colcon.colcon_core.package_identification:_identify(myenv) by extension 'ignore'
[0.309s] Level 1:colcon.colcon_core.package_identification:_identify(myenv) by extension 'ignore_ament_install'
[0.309s] Level 1:colcon.colcon_core.package_identification:_identify(myenv) by extensions ['colcon_pkg']
[0.309s] Level 1:colcon.colcon_core.package_identification:_identify(myenv) by extension 'colcon_pkg'
[0.309s] Level 1:colcon.colcon_core.package_identification:_identify(myenv) by extensions ['colcon_meta']
[0.309s] Level 1:colcon.colcon_core.package_identification:_identify(myenv) by extension 'colcon_meta'
[0.309s] Level 1:colcon.colcon_core.package_identification:_identify(myenv) by extensions ['ros']
[0.309s] Level 1:colcon.colcon_core.package_identification:_identify(myenv) by extension 'ros'
[0.309s] Level 1:colcon.colcon_core.package_identification:_identify(myenv) by extensions ['cmake', 'python']
[0.309s] Level 1:colcon.colcon_core.package_identification:_identify(myenv) by extension 'cmake'
[0.309s] Level 1:colcon.colcon_core.package_identification:_identify(myenv) by extension 'python'
[0.309s] Level 1:colcon.colcon_core.package_identification:_identify(myenv) by extensions ['python_setup_py']
[0.309s] Level 1:colcon.colcon_core.package_identification:_identify(myenv) by extension 'python_setup_py'
[0.309s] Level 1:colcon.colcon_core.package_identification:_identify(myenv/bin) by extensions ['ignore', 'ignore_ament_install']
[0.309s] Level 1:colcon.colcon_core.package_identification:_identify(myenv/bin) by extension 'ignore'
[0.309s] Level 1:colcon.colcon_core.package_identification:_identify(myenv/bin) by extension 'ignore_ament_install'
[0.309s] Level 1:colcon.colcon_core.package_identification:_identify(myenv/bin) by extensions ['colcon_pkg']
[0.309s] Level 1:colcon.colcon_core.package_identification:_identify(myenv/bin) by extension 'colcon_pkg'
[0.309s] Level 1:colcon.colcon_core.package_identification:_identify(myenv/bin) by extensions ['colcon_meta']
[0.309s] Level 1:colcon.colcon_core.package_identification:_identify(myenv/bin) by extension 'colcon_meta'
[0.309s] Level 1:colcon.colcon_core.package_identification:_identify(myenv/bin) by extensions ['ros']
[0.309s] Level 1:colcon.colcon_core.package_identification:_identify(myenv/bin) by extension 'ros'
[0.310s] Level 1:colcon.colcon_core.package_identification:_identify(myenv/bin) by extensions ['cmake', 'python']
[0.310s] Level 1:colcon.colcon_core.package_identification:_identify(myenv/bin) by extension 'cmake'
[0.310s] Level 1:colcon.colcon_core.package_identification:_identify(myenv/bin) by extension 'python'
[0.310s] Level 1:colcon.colcon_core.package_identification:_identify(myenv/bin) by extensions ['python_setup_py']
[0.310s] Level 1:colcon.colcon_core.package_identification:_identify(myenv/bin) by extension 'python_setup_py'
[0.310s] Level 1:colcon.colcon_core.package_identification:_identify(myenv/include) by extensions ['ignore', 'ignore_ament_install']
[0.310s] Level 1:colcon.colcon_core.package_identification:_identify(myenv/include) by extension 'ignore'
[0.310s] Level 1:colcon.colcon_core.package_identification:_identify(myenv/include) by extension 'ignore_ament_install'
[0.310s] Level 1:colcon.colcon_core.package_identification:_identify(myenv/include) by extensions ['colcon_pkg']
[0.310s] Level 1:colcon.colcon_core.package_identification:_identify(myenv/include) by extension 'colcon_pkg'
[0.310s] Level 1:colcon.colcon_core.package_identification:_identify(myenv/include) by extensions ['colcon_meta']
[0.310s] Level 1:colcon.colcon_core.package_identification:_identify(myenv/include) by extension 'colcon_meta'
[0.310s] Level 1:colcon.colcon_core.package_identification:_identify(myenv/include) by extensions ['ros']
[0.310s] Level 1:colcon.colcon_core.package_identification:_identify(myenv/include) by extension 'ros'
[0.310s] Level 1:colcon.colcon_core.package_identification:_identify(myenv/include) by extensions ['cmake', 'python']
[0.310s] Level 1:colcon.colcon_core.package_identification:_identify(myenv/include) by extension 'cmake'
[0.310s] Level 1:colcon.colcon_core.package_identification:_identify(myenv/include) by extension 'python'
[0.310s] Level 1:colcon.colcon_core.package_identification:_identify(myenv/include) by extensions ['python_setup_py']
[0.310s] Level 1:colcon.colcon_core.package_identification:_identify(myenv/include) by extension 'python_setup_py'
[0.310s] Level 1:colcon.colcon_core.package_identification:_identify(myenv/lib) by extensions ['ignore', 'ignore_ament_install']
[0.310s] Level 1:colcon.colcon_core.package_identification:_identify(myenv/lib) by extension 'ignore'
[0.310s] Level 1:colcon.colcon_core.package_identification:_identify(myenv/lib) by extension 'ignore_ament_install'
[0.311s] Level 1:colcon.colcon_core.package_identification:_identify(myenv/lib) by extensions ['colcon_pkg']
[0.311s] Level 1:colcon.colcon_core.package_identification:_identify(myenv/lib) by extension 'colcon_pkg'
[0.311s] Level 1:colcon.colcon_core.package_identification:_identify(myenv/lib) by extensions ['colcon_meta']
[0.311s] Level 1:colcon.colcon_core.package_identification:_identify(myenv/lib) by extension 'colcon_meta'
[0.311s] Level 1:colcon.colcon_core.package_identification:_identify(myenv/lib) by extensions ['ros']
[0.311s] Level 1:colcon.colcon_core.package_identification:_identify(myenv/lib) by extension 'ros'
[0.311s] Level 1:colcon.colcon_core.package_identification:_identify(myenv/lib) by extensions ['cmake', 'python']
[0.311s] Level 1:colcon.colcon_core.package_identification:_identify(myenv/lib) by extension 'cmake'
[0.311s] Level 1:colcon.colcon_core.package_identification:_identify(myenv/lib) by extension 'python'
[0.311s] Level 1:colcon.colcon_core.package_identification:_identify(myenv/lib) by extensions ['python_setup_py']
[0.311s] Level 1:colcon.colcon_core.package_identification:_identify(myenv/lib) by extension 'python_setup_py'
[0.311s] Level 1:colcon.colcon_core.package_identification:_identify(myenv/lib/python3.9) by extensions ['ignore', 'ignore_ament_install']
[0.311s] Level 1:colcon.colcon_core.package_identification:_identify(myenv/lib/python3.9) by extension 'ignore'
[0.311s] Level 1:colcon.colcon_core.package_identification:_identify(myenv/lib/python3.9) by extension 'ignore_ament_install'
[0.311s] Level 1:colcon.colcon_core.package_identification:_identify(myenv/lib/python3.9) by extensions ['colcon_pkg']
[0.311s] Level 1:colcon.colcon_core.package_identification:_identify(myenv/lib/python3.9) by extension 'colcon_pkg'
[0.311s] Level 1:colcon.colcon_core.package_identification:_identify(myenv/lib/python3.9) by extensions ['colcon_meta']
[0.311s] Level 1:colcon.colcon_core.package_identification:_identify(myenv/lib/python3.9) by extension 'colcon_meta'
[0.311s] Level 1:colcon.colcon_core.package_identification:_identify(myenv/lib/python3.9) by extensions ['ros']
[0.311s] Level 1:colcon.colcon_core.package_identification:_identify(myenv/lib/python3.9) by extension 'ros'
[0.311s] Level 1:colcon.colcon_core.package_identification:_identify(myenv/lib/python3.9) by extensions ['cmake', 'python']
[0.311s] Level 1:colcon.colcon_core.package_identification:_identify(myenv/lib/python3.9) by extension 'cmake'
[0.311s] Level 1:colcon.colcon_core.package_identification:_identify(myenv/lib/python3.9) by extension 'python'
[0.311s] Level 1:colcon.colcon_core.package_identification:_identify(myenv/lib/python3.9) by extensions ['python_setup_py']
[0.312s] Level 1:colcon.colcon_core.package_identification:_identify(myenv/lib/python3.9) by extension 'python_setup_py'
[0.312s] Level 1:colcon.colcon_core.package_identification:_identify(myenv/lib/python3.9/site-packages) by extensions ['ignore', 'ignore_ament_install']
[0.312s] Level 1:colcon.colcon_core.package_identification:_identify(myenv/lib/python3.9/site-packages) by extension 'ignore'
[0.312s] Level 1:colcon.colcon_core.package_identification:_identify(myenv/lib/python3.9/site-packages) by extension 'ignore_ament_install'
[0.312s] Level 1:colcon.colcon_core.package_identification:_identify(myenv/lib/python3.9/site-packages) by extensions ['colcon_pkg']
[0.312s] Level 1:colcon.colcon_core.package_identification:_identify(myenv/lib/python3.9/site-packages) by extension 'colcon_pkg'
[0.312s] Level 1:colcon.colcon_core.package_identification:_identify(myenv/lib/python3.9/site-packages) by extensions ['colcon_meta']
[0.312s] Level 1:colcon.colcon_core.package_identification:_identify(myenv/lib/python3.9/site-packages) by extension 'colcon_meta'
[0.312s] Level 1:colcon.colcon_core.package_identification:_identify(myenv/lib/python3.9/site-packages) by extensions ['ros']
[0.312s] Level 1:colcon.colcon_core.package_identification:_identify(myenv/lib/python3.9/site-packages) by extension 'ros'
[0.312s] Level 1:colcon.colcon_core.package_identification:_identify(myenv/lib/python3.9/site-packages) by extensions ['cmake', 'python']
[0.312s] Level 1:colcon.colcon_core.package_identification:_identify(myenv/lib/python3.9/site-packages) by extension 'cmake'
[0.312s] Level 1:colcon.colcon_core.package_identification:_identify(myenv/lib/python3.9/site-packages) by extension 'python'
[0.312s] Level 1:colcon.colcon_core.package_identification:_identify(myenv/lib/python3.9/site-packages) by extensions ['python_setup_py']
[0.312s] Level 1:colcon.colcon_core.package_identification:_identify(myenv/lib/python3.9/site-packages) by extension 'python_setup_py'
[0.312s] Level 1:colcon.colcon_core.package_identification:_identify(src) by extensions ['ignore', 'ignore_ament_install']
[0.312s] Level 1:colcon.colcon_core.package_identification:_identify(src) by extension 'ignore'
[0.312s] Level 1:colcon.colcon_core.package_identification:_identify(src) by extension 'ignore_ament_install'
[0.312s] Level 1:colcon.colcon_core.package_identification:_identify(src) by extensions ['colcon_pkg']
[0.312s] Level 1:colcon.colcon_core.package_identification:_identify(src) by extension 'colcon_pkg'
[0.312s] Level 1:colcon.colcon_core.package_identification:_identify(src) by extensions ['colcon_meta']
[0.313s] Level 1:colcon.colcon_core.package_identification:_identify(src) by extension 'colcon_meta'
[0.313s] Level 1:colcon.colcon_core.package_identification:_identify(src) by extensions ['ros']
[0.313s] Level 1:colcon.colcon_core.package_identification:_identify(src) by extension 'ros'
[0.313s] Level 1:colcon.colcon_core.package_identification:_identify(src) by extensions ['cmake', 'python']
[0.313s] Level 1:colcon.colcon_core.package_identification:_identify(src) by extension 'cmake'
[0.313s] Level 1:colcon.colcon_core.package_identification:_identify(src) by extension 'python'
[0.313s] Level 1:colcon.colcon_core.package_identification:_identify(src) by extensions ['python_setup_py']
[0.313s] Level 1:colcon.colcon_core.package_identification:_identify(src) by extension 'python_setup_py'
[0.313s] Level 1:colcon.colcon_core.package_identification:_identify(src/arduinobot_py_example) by extensions ['ignore', 'ignore_ament_install']
[0.313s] Level 1:colcon.colcon_core.package_identification:_identify(src/arduinobot_py_example) by extension 'ignore'
[0.313s] Level 1:colcon.colcon_core.package_identification:_identify(src/arduinobot_py_example) by extension 'ignore_ament_install'
[0.313s] Level 1:colcon.colcon_core.package_identification:_identify(src/arduinobot_py_example) by extensions ['colcon_pkg']
[0.313s] Level 1:colcon.colcon_core.package_identification:_identify(src/arduinobot_py_example) by extension 'colcon_pkg'
[0.313s] Level 1:colcon.colcon_core.package_identification:_identify(src/arduinobot_py_example) by extensions ['colcon_meta']
[0.313s] Level 1:colcon.colcon_core.package_identification:_identify(src/arduinobot_py_example) by extension 'colcon_meta'
[0.313s] Level 1:colcon.colcon_core.package_identification:_identify(src/arduinobot_py_example) by extensions ['ros']
[0.313s] Level 1:colcon.colcon_core.package_identification:_identify(src/arduinobot_py_example) by extension 'ros'
[0.314s] DEBUG:colcon.colcon_core.package_identification:Package 'src/arduinobot_py_example' with type 'ros.ament_python' and name 'arduinobot_py_example'
[0.314s] Level 1:colcon.colcon_core.package_discovery:discover_packages(recursive) using defaults
[0.314s] Level 1:colcon.colcon_core.package_discovery:discover_packages(ignore) discover
[0.314s] Level 1:colcon.colcon_core.package_discovery:discover_packages(ignore) using defaults
[0.314s] Level 1:colcon.colcon_core.package_discovery:discover_packages(path) discover
[0.314s] Level 1:colcon.colcon_core.package_discovery:discover_packages(path) using defaults
[0.337s] Level 1:colcon.colcon_core.package_discovery:discover_packages(prefix_path) check parameters
[0.337s] Level 1:colcon.colcon_core.package_discovery:discover_packages(prefix_path) discover
[0.339s] DEBUG:colcon.colcon_installed_package_information.package_discovery:Found 3 installed packages in /home/sk8terboi/ros2_ws/install
[0.340s] DEBUG:colcon.colcon_installed_package_information.package_discovery:Found 3 installed packages in /home/sk8terboi/arduinobot_ws/install
[0.351s] DEBUG:colcon.colcon_installed_package_information.package_discovery:Found 354 installed packages in /opt/ros/humble
[0.353s] Level 1:colcon.colcon_core.package_discovery:discover_packages(prefix_path) using defaults
[0.399s] Level 5:colcon.colcon_core.verb:set package 'arduinobot_py_example' build argument 'cmake_args' from command line to 'None'
[0.399s] Level 5:colcon.colcon_core.verb:set package 'arduinobot_py_example' build argument 'cmake_target' from command line to 'None'
[0.399s] Level 5:colcon.colcon_core.verb:set package 'arduinobot_py_example' build argument 'cmake_target_skip_unavailable' from command line to 'False'
[0.399s] Level 5:colcon.colcon_core.verb:set package 'arduinobot_py_example' build argument 'cmake_clean_cache' from command line to 'False'
[0.399s] Level 5:colcon.colcon_core.verb:set package 'arduinobot_py_example' build argument 'cmake_clean_first' from command line to 'False'
[0.399s] Level 5:colcon.colcon_core.verb:set package 'arduinobot_py_example' build argument 'cmake_force_configure' from command line to 'False'
[0.399s] Level 5:colcon.colcon_core.verb:set package 'arduinobot_py_example' build argument 'ament_cmake_args' from command line to 'None'
[0.399s] Level 5:colcon.colcon_core.verb:set package 'arduinobot_py_example' build argument 'catkin_cmake_args' from command line to 'None'
[0.399s] Level 5:colcon.colcon_core.verb:set package 'arduinobot_py_example' build argument 'catkin_skip_building_tests' from command line to 'False'
[0.399s] DEBUG:colcon.colcon_core.verb:Building package 'arduinobot_py_example' with the following arguments: {'ament_cmake_args': None, 'build_base': '/home/sk8terboi/arduinobot_ws/build/arduinobot_py_example', 'catkin_cmake_args': None, 'catkin_skip_building_tests': False, 'cmake_args': None, 'cmake_clean_cache': False, 'cmake_clean_first': False, 'cmake_force_configure': False, 'cmake_target': None, 'cmake_target_skip_unavailable': False, 'install_base': '/home/sk8terboi/arduinobot_ws/install/arduinobot_py_example', 'merge_install': False, 'path': '/home/sk8terboi/arduinobot_ws/src/arduinobot_py_example', 'symlink_install': False, 'test_result_base': None}
[0.400s] Level 5:colcon.colcon_core.verb:set package 'arm_urdf' build argument 'cmake_args' from command line to 'None'
[0.400s] Level 5:colcon.colcon_core.verb:set package 'arm_urdf' build argument 'cmake_target' from command line to 'None'
[0.400s] Level 5:colcon.colcon_core.verb:set package 'arm_urdf' build argument 'cmake_target_skip_unavailable' from command line to 'False'
[0.400s] Level 5:colcon.colcon_core.verb:set package 'arm_urdf' build argument 'cmake_clean_cache' from command line to 'False'
[0.400s] Level 5:colcon.colcon_core.verb:set package 'arm_urdf' build argument 'cmake_clean_first' from command line to 'False'
[0.400s] Level 5:colcon.colcon_core.verb:set package 'arm_urdf' build argument 'cmake_force_configure' from command line to 'False'
[0.400s] Level 5:colcon.colcon_core.verb:set package 'arm_urdf' build argument 'ament_cmake_args' from command line to 'None'
[0.400s] Level 5:colcon.colcon_core.verb:set package 'arm_urdf' build argument 'catkin_cmake_args' from command line to 'None'
[0.400s] Level 5:colcon.colcon_core.verb:set package 'arm_urdf' build argument 'catkin_skip_building_tests' from command line to 'False'
[0.400s] DEBUG:colcon.colcon_core.verb:Building package 'arm_urdf' with the following arguments: {'ament_cmake_args': None, 'build_base': '/home/sk8terboi/arduinobot_ws/build/arm_urdf', 'catkin_cmake_args': None, 'catkin_skip_building_tests': False, 'cmake_args': None, 'cmake_clean_cache': False, 'cmake_clean_first': False, 'cmake_force_configure': False, 'cmake_target': None, 'cmake_target_skip_unavailable': False, 'install_base': '/home/sk8terboi/arduinobot_ws/install/arm_urdf', 'merge_install': False, 'path': '/home/sk8terboi/arduinobot_ws/arm_urdf', 'symlink_install': False, 'test_result_base': None}
[0.400s] INFO:colcon.colcon_core.executor:Executing jobs using 'parallel' executor
[0.401s] DEBUG:colcon.colcon_parallel_executor.executor.parallel:run_until_complete
[0.402s] INFO:colcon.colcon_ros.task.ament_python.build:Building ROS package in '/home/sk8terboi/arduinobot_ws/src/arduinobot_py_example' with build type 'ament_python'
[0.402s] Level 1:colcon.colcon_core.shell:create_environment_hook('arduinobot_py_example', 'ament_prefix_path')
[0.404s] INFO:colcon.colcon_core.plugin_system:Skipping extension 'colcon_core.shell.bat': Not used on non-Windows systems
[0.404s] INFO:colcon.colcon_core.shell:Creating environment hook '/home/sk8terboi/arduinobot_ws/install/arduinobot_py_example/share/arduinobot_py_example/hook/ament_prefix_path.ps1'
[0.405s] INFO:colcon.colcon_core.shell:Creating environment descriptor '/home/sk8terboi/arduinobot_ws/install/arduinobot_py_example/share/arduinobot_py_example/hook/ament_prefix_path.dsv'
[0.405s] INFO:colcon.colcon_core.shell:Creating environment hook '/home/sk8terboi/arduinobot_ws/install/arduinobot_py_example/share/arduinobot_py_example/hook/ament_prefix_path.sh'
[0.406s] INFO:colcon.colcon_core.shell:Skip shell extension 'powershell' for command environment: Not usable outside of PowerShell
[0.406s] DEBUG:colcon.colcon_core.shell:Skip shell extension 'dsv' for command environment
[0.411s] INFO:colcon.colcon_ros.task.ament_cmake.build:Building ROS package in '/home/sk8terboi/arduinobot_ws/arm_urdf' with build type 'ament_cmake'
[0.411s] INFO:colcon.colcon_cmake.task.cmake.build:Building CMake package in '/home/sk8terboi/arduinobot_ws/arm_urdf'
[0.411s] INFO:colcon.colcon_core.shell:Skip shell extension 'powershell' for command environment: Not usable outside of PowerShell
[0.411s] DEBUG:colcon.colcon_core.shell:Skip shell extension 'dsv' for command environment
[0.695s] INFO:colcon.colcon_core.task.python.build:Building Python package in '/home/sk8terboi/arduinobot_ws/src/arduinobot_py_example'
[0.696s] INFO:colcon.colcon_core.shell:Skip shell extension 'powershell' for command environment: Not usable outside of PowerShell
[0.696s] DEBUG:colcon.colcon_core.shell:Skip shell extension 'dsv' for command environment
[0.706s] DEBUG:colcon.colcon_core.event_handler.log_command:Invoking command in '/home/sk8terboi/arduinobot_ws/build/arm_urdf': CMAKE_PREFIX_PATH=${CMAKE_PREFIX_PATH}:/home/sk8terboi/ros2_ws/install/robot_contoller:/home/sk8terboi/ros2_ws/install/my_robot_controller:/home/sk8terboi/arduinobot_ws/install/arduinobot_py_example:/opt/ros/humble /usr/bin/cmake --build /home/sk8terboi/arduinobot_ws/build/arm_urdf -- -j16 -l16
[0.759s] DEBUG:colcon.colcon_core.event_handler.log_command:Invoked command in '/home/sk8terboi/arduinobot_ws/build/arm_urdf' returned '0': CMAKE_PREFIX_PATH=${CMAKE_PREFIX_PATH}:/home/sk8terboi/ros2_ws/install/robot_contoller:/home/sk8terboi/ros2_ws/install/my_robot_controller:/home/sk8terboi/arduinobot_ws/install/arduinobot_py_example:/opt/ros/humble /usr/bin/cmake --build /home/sk8terboi/arduinobot_ws/build/arm_urdf -- -j16 -l16
[0.801s] DEBUG:colcon.colcon_core.event_handler.log_command:Invoking command in '/home/sk8terboi/arduinobot_ws/build/arm_urdf': CMAKE_PREFIX_PATH=${CMAKE_PREFIX_PATH}:/home/sk8terboi/ros2_ws/install/robot_contoller:/home/sk8terboi/ros2_ws/install/my_robot_controller:/home/sk8terboi/arduinobot_ws/install/arduinobot_py_example:/opt/ros/humble /usr/bin/cmake --install /home/sk8terboi/arduinobot_ws/build/arm_urdf
[0.815s] Level 1:colcon.colcon_core.environment:create_environment_scripts_only(arm_urdf)
[0.820s] DEBUG:colcon.colcon_core.event_handler.log_command:Invoked command in '/home/sk8terboi/arduinobot_ws/build/arm_urdf' returned '0': CMAKE_PREFIX_PATH=${CMAKE_PREFIX_PATH}:/home/sk8terboi/ros2_ws/install/robot_contoller:/home/sk8terboi/ros2_ws/install/my_robot_controller:/home/sk8terboi/arduinobot_ws/install/arduinobot_py_example:/opt/ros/humble /usr/bin/cmake --install /home/sk8terboi/arduinobot_ws/build/arm_urdf
[0.822s] Level 1:colcon.colcon_core.environment:checking '/home/sk8terboi/arduinobot_ws/install/arm_urdf' for CMake module files
[0.823s] Level 1:colcon.colcon_core.environment:checking '/home/sk8terboi/arduinobot_ws/install/arm_urdf' for CMake config files
[0.823s] Level 1:colcon.colcon_core.shell:create_environment_hook('arm_urdf', 'cmake_prefix_path')
[0.824s] INFO:colcon.colcon_core.shell:Creating environment hook '/home/sk8terboi/arduinobot_ws/install/arm_urdf/share/arm_urdf/hook/cmake_prefix_path.ps1'
[0.825s] INFO:colcon.colcon_core.shell:Creating environment descriptor '/home/sk8terboi/arduinobot_ws/install/arm_urdf/share/arm_urdf/hook/cmake_prefix_path.dsv'
[0.825s] INFO:colcon.colcon_core.shell:Creating environment hook '/home/sk8terboi/arduinobot_ws/install/arm_urdf/share/arm_urdf/hook/cmake_prefix_path.sh'
[0.826s] Level 1:colcon.colcon_core.environment:checking '/home/sk8terboi/arduinobot_ws/install/arm_urdf/bin'
[0.826s] Level 1:colcon.colcon_core.environment:checking '/home/sk8terboi/arduinobot_ws/install/arm_urdf/lib/pkgconfig/arm_urdf.pc'
[0.826s] Level 1:colcon.colcon_core.environment:checking '/home/sk8terboi/arduinobot_ws/install/arm_urdf/lib/python3.10/site-packages'
[0.827s] Level 1:colcon.colcon_core.environment:checking '/home/sk8terboi/arduinobot_ws/install/arm_urdf/bin'
[0.827s] INFO:colcon.colcon_core.shell:Creating package script '/home/sk8terboi/arduinobot_ws/install/arm_urdf/share/arm_urdf/package.ps1'
[0.828s] INFO:colcon.colcon_core.shell:Creating package descriptor '/home/sk8terboi/arduinobot_ws/install/arm_urdf/share/arm_urdf/package.dsv'
[0.829s] INFO:colcon.colcon_core.shell:Creating package script '/home/sk8terboi/arduinobot_ws/install/arm_urdf/share/arm_urdf/package.sh'
[0.830s] INFO:colcon.colcon_core.shell:Creating package script '/home/sk8terboi/arduinobot_ws/install/arm_urdf/share/arm_urdf/package.bash'
[0.831s] INFO:colcon.colcon_core.shell:Creating package script '/home/sk8terboi/arduinobot_ws/install/arm_urdf/share/arm_urdf/package.zsh'
[0.832s] Level 1:colcon.colcon_core.environment:create_file_with_runtime_dependencies(/home/sk8terboi/arduinobot_ws/install/arm_urdf/share/colcon-core/packages/arm_urdf)
[0.866s] Level 1:colcon.colcon_core.environment:create_environment_scripts_only(arm_urdf)
[0.867s] Level 1:colcon.colcon_core.environment:checking '/home/sk8terboi/arduinobot_ws/install/arm_urdf' for CMake module files
[0.868s] Level 1:colcon.colcon_core.environment:checking '/home/sk8terboi/arduinobot_ws/install/arm_urdf' for CMake config files
[0.868s] Level 1:colcon.colcon_core.shell:create_environment_hook('arm_urdf', 'cmake_prefix_path')
[0.869s] INFO:colcon.colcon_core.shell:Creating environment hook '/home/sk8terboi/arduinobot_ws/install/arm_urdf/share/arm_urdf/hook/cmake_prefix_path.ps1'
[0.869s] INFO:colcon.colcon_core.shell:Creating environment descriptor '/home/sk8terboi/arduinobot_ws/install/arm_urdf/share/arm_urdf/hook/cmake_prefix_path.dsv'
[0.870s] INFO:colcon.colcon_core.shell:Creating environment hook '/home/sk8terboi/arduinobot_ws/install/arm_urdf/share/arm_urdf/hook/cmake_prefix_path.sh'
[0.871s] Level 1:colcon.colcon_core.environment:checking '/home/sk8terboi/arduinobot_ws/install/arm_urdf/bin'
[0.871s] Level 1:colcon.colcon_core.environment:checking '/home/sk8terboi/arduinobot_ws/install/arm_urdf/lib/pkgconfig/arm_urdf.pc'
[0.871s] Level 1:colcon.colcon_core.environment:checking '/home/sk8terboi/arduinobot_ws/install/arm_urdf/lib/python3.10/site-packages'
[0.872s] Level 1:colcon.colcon_core.environment:checking '/home/sk8terboi/arduinobot_ws/install/arm_urdf/bin'
[0.872s] INFO:colcon.colcon_core.shell:Creating package script '/home/sk8terboi/arduinobot_ws/install/arm_urdf/share/arm_urdf/package.ps1'
[0.873s] INFO:colcon.colcon_core.shell:Creating package descriptor '/home/sk8terboi/arduinobot_ws/install/arm_urdf/share/arm_urdf/package.dsv'
[0.874s] INFO:colcon.colcon_core.shell:Creating package script '/home/sk8terboi/arduinobot_ws/install/arm_urdf/share/arm_urdf/package.sh'
[0.874s] INFO:colcon.colcon_core.shell:Creating package script '/home/sk8terboi/arduinobot_ws/install/arm_urdf/share/arm_urdf/package.bash'
[0.875s] INFO:colcon.colcon_core.shell:Creating package script '/home/sk8terboi/arduinobot_ws/install/arm_urdf/share/arm_urdf/package.zsh'
[0.875s] Level 1:colcon.colcon_core.environment:create_file_with_runtime_dependencies(/home/sk8terboi/arduinobot_ws/install/arm_urdf/share/colcon-core/packages/arm_urdf)
[1.162s] DEBUG:colcon.colcon_core.event_handler.log_command:Invoking command in '/home/sk8terboi/arduinobot_ws/src/arduinobot_py_example': PYTHONPATH=/home/sk8terboi/arduinobot_ws/build/arduinobot_py_example/prefix_override:/home/sk8terboi/arduinobot_ws/install/arduinobot_py_example/lib/python3.10/site-packages:${PYTHONPATH} /usr/bin/python3 -W ignore:setup.py install is deprecated setup.py egg_info --egg-base ../../build/arduinobot_py_example build --build-base /home/sk8terboi/arduinobot_ws/build/arduinobot_py_example/build install --record /home/sk8terboi/arduinobot_ws/build/arduinobot_py_example/install.log --single-version-externally-managed install_data
[1.487s] Level 1:colcon.colcon_core.environment:checking '/home/sk8terboi/arduinobot_ws/install/arduinobot_py_example' for CMake module files
[1.487s] DEBUG:colcon.colcon_core.event_handler.log_command:Invoked command in '/home/sk8terboi/arduinobot_ws/src/arduinobot_py_example' returned '0': PYTHONPATH=/home/sk8terboi/arduinobot_ws/build/arduinobot_py_example/prefix_override:/home/sk8terboi/arduinobot_ws/install/arduinobot_py_example/lib/python3.10/site-packages:${PYTHONPATH} /usr/bin/python3 -W ignore:setup.py install is deprecated setup.py egg_info --egg-base ../../build/arduinobot_py_example build --build-base /home/sk8terboi/arduinobot_ws/build/arduinobot_py_example/build install --record /home/sk8terboi/arduinobot_ws/build/arduinobot_py_example/install.log --single-version-externally-managed install_data
[1.488s] Level 1:colcon.colcon_core.environment:checking '/home/sk8terboi/arduinobot_ws/install/arduinobot_py_example' for CMake config files
[1.488s] Level 1:colcon.colcon_core.environment:checking '/home/sk8terboi/arduinobot_ws/install/arduinobot_py_example/lib'
[1.489s] Level 1:colcon.colcon_core.environment:checking '/home/sk8terboi/arduinobot_ws/install/arduinobot_py_example/bin'
[1.489s] Level 1:colcon.colcon_core.environment:checking '/home/sk8terboi/arduinobot_ws/install/arduinobot_py_example/lib/pkgconfig/arduinobot_py_example.pc'
[1.489s] Level 1:colcon.colcon_core.environment:checking '/home/sk8terboi/arduinobot_ws/install/arduinobot_py_example/lib/python3.10/site-packages'
[1.489s] Level 1:colcon.colcon_core.shell:create_environment_hook('arduinobot_py_example', 'pythonpath')
[1.489s] INFO:colcon.colcon_core.shell:Creating environment hook '/home/sk8terboi/arduinobot_ws/install/arduinobot_py_example/share/arduinobot_py_example/hook/pythonpath.ps1'
[1.490s] INFO:colcon.colcon_core.shell:Creating environment descriptor '/home/sk8terboi/arduinobot_ws/install/arduinobot_py_example/share/arduinobot_py_example/hook/pythonpath.dsv'
[1.490s] INFO:colcon.colcon_core.shell:Creating environment hook '/home/sk8terboi/arduinobot_ws/install/arduinobot_py_example/share/arduinobot_py_example/hook/pythonpath.sh'
[1.491s] Level 1:colcon.colcon_core.environment:checking '/home/sk8terboi/arduinobot_ws/install/arduinobot_py_example/bin'
[1.491s] Level 1:colcon.colcon_core.environment:create_environment_scripts_only(arduinobot_py_example)
[1.491s] INFO:colcon.colcon_core.shell:Creating package script '/home/sk8terboi/arduinobot_ws/install/arduinobot_py_example/share/arduinobot_py_example/package.ps1'
[1.492s] INFO:colcon.colcon_core.shell:Creating package descriptor '/home/sk8terboi/arduinobot_ws/install/arduinobot_py_example/share/arduinobot_py_example/package.dsv'
[1.492s] INFO:colcon.colcon_core.shell:Creating package script '/home/sk8terboi/arduinobot_ws/install/arduinobot_py_example/share/arduinobot_py_example/package.sh'
[1.492s] INFO:colcon.colcon_core.shell:Creating package script '/home/sk8terboi/arduinobot_ws/install/arduinobot_py_example/share/arduinobot_py_example/package.bash'
[1.493s] INFO:colcon.colcon_core.shell:Creating package script '/home/sk8terboi/arduinobot_ws/install/arduinobot_py_example/share/arduinobot_py_example/package.zsh'
[1.493s] Level 1:colcon.colcon_core.environment:create_file_with_runtime_dependencies(/home/sk8terboi/arduinobot_ws/install/arduinobot_py_example/share/colcon-core/packages/arduinobot_py_example)
[1.493s] DEBUG:colcon.colcon_parallel_executor.executor.parallel:closing loop
[1.494s] DEBUG:colcon.colcon_parallel_executor.executor.parallel:loop closed
[1.494s] DEBUG:colcon.colcon_parallel_executor.executor.parallel:run_until_complete finished with '0'
[1.494s] DEBUG:colcon.colcon_core.event_reactor:joining thread
[1.500s] INFO:colcon.colcon_core.plugin_system:Skipping extension 'colcon_notification.desktop_notification.terminal_notifier': Not used on non-Darwin systems
[1.500s] INFO:colcon.colcon_core.plugin_system:Skipping extension 'colcon_notification.desktop_notification.win32': Not used on non-Windows systems
[1.500s] INFO:colcon.colcon_notification.desktop_notification:Sending desktop notification using 'notify2'
[1.519s] DEBUG:colcon.colcon_core.event_reactor:joined thread
[1.519s] INFO:colcon.colcon_core.shell:Creating prefix script '/home/sk8terboi/arduinobot_ws/install/local_setup.ps1'
[1.520s] INFO:colcon.colcon_core.shell:Creating prefix util module '/home/sk8terboi/arduinobot_ws/install/_local_setup_util_ps1.py'
[1.522s] INFO:colcon.colcon_core.shell:Creating prefix chain script '/home/sk8terboi/arduinobot_ws/install/setup.ps1'
[1.523s] INFO:colcon.colcon_core.shell:Creating prefix script '/home/sk8terboi/arduinobot_ws/install/local_setup.sh'
[1.524s] INFO:colcon.colcon_core.shell:Creating prefix util module '/home/sk8terboi/arduinobot_ws/install/_local_setup_util_sh.py'
[1.525s] INFO:colcon.colcon_core.shell:Creating prefix chain script '/home/sk8terboi/arduinobot_ws/install/setup.sh'
[1.526s] INFO:colcon.colcon_core.shell:Creating prefix script '/home/sk8terboi/arduinobot_ws/install/local_setup.bash'
[1.527s] INFO:colcon.colcon_core.shell:Creating prefix chain script '/home/sk8terboi/arduinobot_ws/install/setup.bash'
[1.528s] INFO:colcon.colcon_core.shell:Creating prefix script '/home/sk8terboi/arduinobot_ws/install/local_setup.zsh'
[1.529s] INFO:colcon.colcon_core.shell:Creating prefix chain script '/home/sk8terboi/arduinobot_ws/install/setup.zsh'
