[0.142s] Invoking command in '/home/sk8terboi/arduinobot_ws/build/arm_urdf': CMAKE_PREFIX_PATH=${CMAKE_PREFIX_PATH}:/home/sk8terboi/ros2_ws/install/robot_contoller:/home/sk8terboi/ros2_ws/install/my_robot_controller:/home/sk8terboi/arduinobot_ws/install/arduinobot_py_example:/opt/ros/humble /usr/bin/cmake --build /home/sk8terboi/arduinobot_ws/build/arm_urdf -- -j16 -l16
[0.155s] -- Found ament_cmake: 1.3.9 (/opt/ros/humble/share/ament_cmake/cmake)
[0.228s] -- Found ament_lint_auto: 0.12.11 (/opt/ros/humble/share/ament_lint_auto/cmake)
[0.268s] -- Added test 'flake8' to check Python code syntax and style conventions
[0.268s] -- Added test 'lint_cmake' to check CMake code style
[0.268s] -- Added test 'pep257' to check Python code against some of the docstring style conventions in PEP 257
[0.269s] -- Added test 'xmllint' to check XML markup files
[0.269s] -- Configuring done
[0.271s] -- Generating done
[0.271s] -- Build files have been written to: /home/sk8terboi/arduinobot_ws/build/arm_urdf
[0.284s] Invoked command in '/home/sk8terboi/arduinobot_ws/build/arm_urdf' returned '0': CMAKE_PREFIX_PATH=${CMAKE_PREFIX_PATH}:/home/sk8terboi/ros2_ws/install/robot_contoller:/home/sk8terboi/ros2_ws/install/my_robot_controller:/home/sk8terboi/arduinobot_ws/install/arduinobot_py_example:/opt/ros/humble /usr/bin/cmake --build /home/sk8terboi/arduinobot_ws/build/arm_urdf -- -j16 -l16
[0.301s] Invoking command in '/home/sk8terboi/arduinobot_ws/build/arm_urdf': CMAKE_PREFIX_PATH=${CMAKE_PREFIX_PATH}:/home/sk8terboi/ros2_ws/install/robot_contoller:/home/sk8terboi/ros2_ws/install/my_robot_controller:/home/sk8terboi/arduinobot_ws/install/arduinobot_py_example:/opt/ros/humble /usr/bin/cmake --install /home/sk8terboi/arduinobot_ws/build/arm_urdf
[0.305s] -- Install configuration: ""
[0.305s] -- Up-to-date: /home/sk8terboi/arduinobot_ws/install/arm_urdf/share/arm_urdf/meshes
[0.305s] -- Up-to-date: /home/sk8terboi/arduinobot_ws/install/arm_urdf/share/arm_urdf/meshes/link_4.STL
[0.305s] -- Up-to-date: /home/sk8terboi/arduinobot_ws/install/arm_urdf/share/arm_urdf/meshes/link_3.STL
[0.305s] -- Up-to-date: /home/sk8terboi/arduinobot_ws/install/arm_urdf/share/arm_urdf/meshes/link_0.STL
[0.305s] -- Up-to-date: /home/sk8terboi/arduinobot_ws/install/arm_urdf/share/arm_urdf/meshes/link_1.STL
[0.305s] -- Up-to-date: /home/sk8terboi/arduinobot_ws/install/arm_urdf/share/arm_urdf/meshes/base_link.STL
[0.305s] -- Up-to-date: /home/sk8terboi/arduinobot_ws/install/arm_urdf/share/arm_urdf/meshes/link_2.STL
[0.305s] -- Up-to-date: /home/sk8terboi/arduinobot_ws/install/arm_urdf/share/arm_urdf/models
[0.306s] -- Up-to-date: /home/sk8terboi/arduinobot_ws/install/arm_urdf/share/arm_urdf/models/ground_plane
[0.306s] -- Up-to-date: /home/sk8terboi/arduinobot_ws/install/arm_urdf/share/arm_urdf/models/ground_plane/model.sdf
[0.306s] -- Up-to-date: /home/sk8terboi/arduinobot_ws/install/arm_urdf/share/arm_urdf/models/ground_plane/model-1_4.sdf
[0.306s] -- Up-to-date: /home/sk8terboi/arduinobot_ws/install/arm_urdf/share/arm_urdf/models/ground_plane/model.config
[0.306s] -- Up-to-date: /home/sk8terboi/arduinobot_ws/install/arm_urdf/share/arm_urdf/models/ground_plane/model-1_2.sdf
[0.306s] -- Up-to-date: /home/sk8terboi/arduinobot_ws/install/arm_urdf/share/arm_urdf/models/ground_plane/model-1_3.sdf
[0.306s] -- Up-to-date: /home/sk8terboi/arduinobot_ws/install/arm_urdf/share/arm_urdf/models/sun
[0.306s] -- Up-to-date: /home/sk8terboi/arduinobot_ws/install/arm_urdf/share/arm_urdf/models/sun/model.sdf
[0.307s] -- Up-to-date: /home/sk8terboi/arduinobot_ws/install/arm_urdf/share/arm_urdf/models/sun/model-1_4.sdf
[0.307s] -- Up-to-date: /home/sk8terboi/arduinobot_ws/install/arm_urdf/share/arm_urdf/models/sun/model.config
[0.307s] -- Up-to-date: /home/sk8terboi/arduinobot_ws/install/arm_urdf/share/arm_urdf/models/sun/model-1_2.sdf
[0.307s] -- Up-to-date: /home/sk8terboi/arduinobot_ws/install/arm_urdf/share/arm_urdf/models/sun/model-1_3.sdf
[0.307s] -- Up-to-date: /home/sk8terboi/arduinobot_ws/install/arm_urdf/share/arm_urdf/urdf
[0.308s] -- Up-to-date: /home/sk8terboi/arduinobot_ws/install/arm_urdf/share/arm_urdf/urdf/arm_urdf.urdf
[0.308s] -- Up-to-date: /home/sk8terboi/arduinobot_ws/install/arm_urdf/share/arm_urdf/urdf/arm_urdf.csv
[0.308s] -- Up-to-date: /home/sk8terboi/arduinobot_ws/install/arm_urdf/share/arm_urdf/launch
[0.308s] -- Up-to-date: /home/sk8terboi/arduinobot_ws/install/arm_urdf/share/arm_urdf/launch/display.launch.py
[0.308s] -- Up-to-date: /home/sk8terboi/arduinobot_ws/install/arm_urdf/share/arm_urdf/launch/gazebo.launch.py
[0.308s] -- Up-to-date: /home/sk8terboi/arduinobot_ws/install/arm_urdf/share/ament_index/resource_index/package_run_dependencies/arm_urdf
[0.308s] -- Up-to-date: /home/sk8terboi/arduinobot_ws/install/arm_urdf/share/ament_index/resource_index/parent_prefix_path/arm_urdf
[0.308s] -- Up-to-date: /home/sk8terboi/arduinobot_ws/install/arm_urdf/share/arm_urdf/environment/ament_prefix_path.sh
[0.309s] -- Installing: /home/sk8terboi/arduinobot_ws/install/arm_urdf/share/arm_urdf/environment/ament_prefix_path.dsv
[0.309s] -- Up-to-date: /home/sk8terboi/arduinobot_ws/install/arm_urdf/share/arm_urdf/environment/path.sh
[0.309s] -- Installing: /home/sk8terboi/arduinobot_ws/install/arm_urdf/share/arm_urdf/environment/path.dsv
[0.309s] -- Up-to-date: /home/sk8terboi/arduinobot_ws/install/arm_urdf/share/arm_urdf/local_setup.bash
[0.309s] -- Up-to-date: /home/sk8terboi/arduinobot_ws/install/arm_urdf/share/arm_urdf/local_setup.sh
[0.309s] -- Up-to-date: /home/sk8terboi/arduinobot_ws/install/arm_urdf/share/arm_urdf/local_setup.zsh
[0.310s] -- Installing: /home/sk8terboi/arduinobot_ws/install/arm_urdf/share/arm_urdf/local_setup.dsv
[0.310s] -- Installing: /home/sk8terboi/arduinobot_ws/install/arm_urdf/share/arm_urdf/package.dsv
[0.310s] -- Up-to-date: /home/sk8terboi/arduinobot_ws/install/arm_urdf/share/ament_index/resource_index/packages/arm_urdf
[0.310s] -- Up-to-date: /home/sk8terboi/arduinobot_ws/install/arm_urdf/share/arm_urdf/cmake/arm_urdfConfig.cmake
[0.310s] -- Up-to-date: /home/sk8terboi/arduinobot_ws/install/arm_urdf/share/arm_urdf/cmake/arm_urdfConfig-version.cmake
[0.310s] -- Up-to-date: /home/sk8terboi/arduinobot_ws/install/arm_urdf/share/arm_urdf/package.xml
[0.310s] Invoked command in '/home/sk8terboi/arduinobot_ws/build/arm_urdf' returned '0': CMAKE_PREFIX_PATH=${CMAKE_PREFIX_PATH}:/home/sk8terboi/ros2_ws/install/robot_contoller:/home/sk8terboi/ros2_ws/install/my_robot_controller:/home/sk8terboi/arduinobot_ws/install/arduinobot_py_example:/opt/ros/humble /usr/bin/cmake --install /home/sk8terboi/arduinobot_ws/build/arm_urdf
