[0.009s] Invoking command in '/home/sk8terboi/arduinobot_ws/build/arduinobot_cpp_example': CMAKE_PREFIX_PATH=${CMAKE_PREFIX_PATH}:/home/sk8terboi/arduinobot_ws/install/arduinobot_py_example:/opt/ros/humble /usr/bin/cmake --build /home/sk8terboi/arduinobot_ws/build/arduinobot_cpp_example -- -j16 -l16
[0.149s] Invoked command in '/home/sk8terboi/arduinobot_ws/build/arduinobot_cpp_example' returned '0': CMAKE_PREFIX_PATH=${CMAKE_PREFIX_PATH}:/home/sk8terboi/arduinobot_ws/install/arduinobot_py_example:/opt/ros/humble /usr/bin/cmake --build /home/sk8terboi/arduinobot_ws/build/arduinobot_cpp_example -- -j16 -l16
[0.166s] Invoking command in '/home/sk8terboi/arduinobot_ws/build/arduinobot_cpp_example': CMAKE_PREFIX_PATH=${CMAKE_PREFIX_PATH}:/home/sk8terboi/arduinobot_ws/install/arduinobot_py_example:/opt/ros/humble /usr/bin/cmake --install /home/sk8terboi/arduinobot_ws/build/arduinobot_cpp_example
[0.170s] -- Install configuration: ""
[0.170s] -- Execute custom install script
[0.171s] -- Up-to-date symlink: /home/sk8terboi/arduinobot_ws/install/arduinobot_cpp_example/share/ament_index/resource_index/package_run_dependencies/arduinobot_cpp_example
[0.171s] -- Up-to-date symlink: /home/sk8terboi/arduinobot_ws/install/arduinobot_cpp_example/share/ament_index/resource_index/parent_prefix_path/arduinobot_cpp_example
[0.171s] -- Up-to-date symlink: /home/sk8terboi/arduinobot_ws/install/arduinobot_cpp_example/share/arduinobot_cpp_example/environment/ament_prefix_path.sh
[0.171s] -- Up-to-date symlink: /home/sk8terboi/arduinobot_ws/install/arduinobot_cpp_example/share/arduinobot_cpp_example/environment/ament_prefix_path.dsv
[0.171s] -- Up-to-date symlink: /home/sk8terboi/arduinobot_ws/install/arduinobot_cpp_example/share/arduinobot_cpp_example/environment/path.sh
[0.171s] -- Up-to-date symlink: /home/sk8terboi/arduinobot_ws/install/arduinobot_cpp_example/share/arduinobot_cpp_example/environment/path.dsv
[0.171s] -- Up-to-date symlink: /home/sk8terboi/arduinobot_ws/install/arduinobot_cpp_example/share/arduinobot_cpp_example/local_setup.bash
[0.171s] -- Up-to-date symlink: /home/sk8terboi/arduinobot_ws/install/arduinobot_cpp_example/share/arduinobot_cpp_example/local_setup.sh
[0.171s] -- Up-to-date symlink: /home/sk8terboi/arduinobot_ws/install/arduinobot_cpp_example/share/arduinobot_cpp_example/local_setup.zsh
[0.171s] -- Up-to-date symlink: /home/sk8terboi/arduinobot_ws/install/arduinobot_cpp_example/share/arduinobot_cpp_example/local_setup.dsv
[0.172s] -- Symlinking: /home/sk8terboi/arduinobot_ws/install/arduinobot_cpp_example/share/arduinobot_cpp_example/package.dsv
[0.177s] -- Up-to-date symlink: /home/sk8terboi/arduinobot_ws/install/arduinobot_cpp_example/share/ament_index/resource_index/packages/arduinobot_cpp_example
[0.177s] -- Up-to-date symlink: /home/sk8terboi/arduinobot_ws/install/arduinobot_cpp_example/share/arduinobot_cpp_example/cmake/arduinobot_cpp_exampleConfig.cmake
[0.177s] -- Up-to-date symlink: /home/sk8terboi/arduinobot_ws/install/arduinobot_cpp_example/share/arduinobot_cpp_example/cmake/arduinobot_cpp_exampleConfig-version.cmake
[0.177s] -- Up-to-date symlink: /home/sk8terboi/arduinobot_ws/install/arduinobot_cpp_example/share/arduinobot_cpp_example/package.xml
[0.178s] Invoked command in '/home/sk8terboi/arduinobot_ws/build/arduinobot_cpp_example' returned '0': CMAKE_PREFIX_PATH=${CMAKE_PREFIX_PATH}:/home/sk8terboi/arduinobot_ws/install/arduinobot_py_example:/opt/ros/humble /usr/bin/cmake --install /home/sk8terboi/arduinobot_ws/build/arduinobot_cpp_example
