running develop
Removing /home/sk8terboi/arduinobot_ws/install/arduinobot_py_example/lib/python3.10/site-packages/arduinobot-py-example.egg-link (link to .)
running egg_info
writing ../../build/arduinobot_py_example/arduinobot_py_example.egg-info/PKG-INFO
writing dependency_links to ../../build/arduinobot_py_example/arduinobot_py_example.egg-info/dependency_links.txt
writing entry points to ../../build/arduinobot_py_example/arduinobot_py_example.egg-info/entry_points.txt
writing requirements to ../../build/arduinobot_py_example/arduinobot_py_example.egg-info/requires.txt
writing top-level names to ../../build/arduinobot_py_example/arduinobot_py_example.egg-info/top_level.txt
reading manifest file '../../build/arduinobot_py_example/arduinobot_py_example.egg-info/SOURCES.txt'
writing manifest file '../../build/arduinobot_py_example/arduinobot_py_example.egg-info/SOURCES.txt'
running build
running build_py
running install
running install_lib
creating /home/sk8terboi/arduinobot_ws/install/arduinobot_py_example/lib/python3.10/site-packages/arduinobot_py_example
copying /home/sk8terboi/arduinobot_ws/build/arduinobot_py_example/build/lib/arduinobot_py_example/__init__.py -> /home/sk8terboi/arduinobot_ws/install/arduinobot_py_example/lib/python3.10/site-packages/arduinobot_py_example
byte-compiling /home/sk8terboi/arduinobot_ws/install/arduinobot_py_example/lib/python3.10/site-packages/arduinobot_py_example/__init__.py to __init__.cpython-310.pyc
running install_data
copying resource/arduinobot_py_example -> /home/sk8terboi/arduinobot_ws/install/arduinobot_py_example/share/ament_index/resource_index/packages
copying package.xml -> /home/sk8terboi/arduinobot_ws/install/arduinobot_py_example/share/arduinobot_py_example
running install_egg_info
Copying ../../build/arduinobot_py_example/arduinobot_py_example.egg-info to /home/sk8terboi/arduinobot_ws/install/arduinobot_py_example/lib/python3.10/site-packages/arduinobot_py_example-0.0.0-py3.10.egg-info
running install_scripts
writing list of installed files to '/home/sk8terboi/arduinobot_ws/build/arduinobot_py_example/install.log'
