[0.137s] Invoking command in '/home/sk8terboi/arduinobot_ws/build/arm_urdf': CMAKE_PREFIX_PATH=${CMAKE_PREFIX_PATH}:/home/sk8terboi/ros2_ws/install/robot_contoller:/home/sk8terboi/ros2_ws/install/my_robot_controller:/home/sk8terboi/arduinobot_ws/install/arduinobot_py_example:/opt/ros/humble /usr/bin/cmake /home/sk8terboi/arduinobot_ws/arm_urdf -DCMAKE_INSTALL_PREFIX=/home/sk8terboi/arduinobot_ws/install/arm_urdf
[0.271s] -- The C compiler identification is GNU 11.4.0
[0.354s] -- The CXX compiler identification is GNU 11.4.0
[0.361s] -- Detecting C compiler ABI info
[0.404s] -- Detecting C compiler ABI info - done
[0.408s] -- Check for working C compiler: /usr/bin/cc - skipped
[0.409s] -- Detecting C compile features
[0.409s] -- Detecting C compile features - done
[0.411s] -- Detecting CXX compiler ABI info
[0.459s] -- Detecting CXX compiler ABI info - done
[0.463s] -- Check for working CXX compiler: /usr/bin/c++ - skipped
[0.463s] -- Detecting CXX compile features
[0.463s] -- Detecting CXX compile features - done
[0.467s] -- Found ament_cmake: 1.3.9 (/opt/ros/humble/share/ament_cmake/cmake)
[0.559s] -- Found Python3: /usr/bin/python3 (found version "3.10.12") found components: Interpreter 
[0.622s] -- Found ament_lint_auto: 0.12.11 (/opt/ros/humble/share/ament_lint_auto/cmake)
[0.671s] -- Added test 'lint_cmake' to check CMake code style
[0.672s] -- Added test 'xmllint' to check XML markup files
[0.673s] -- Configuring done
[0.674s] -- Generating done
[0.674s] -- Build files have been written to: /home/sk8terboi/arduinobot_ws/build/arm_urdf
[0.676s] Invoked command in '/home/sk8terboi/arduinobot_ws/build/arm_urdf' returned '0': CMAKE_PREFIX_PATH=${CMAKE_PREFIX_PATH}:/home/sk8terboi/ros2_ws/install/robot_contoller:/home/sk8terboi/ros2_ws/install/my_robot_controller:/home/sk8terboi/arduinobot_ws/install/arduinobot_py_example:/opt/ros/humble /usr/bin/cmake /home/sk8terboi/arduinobot_ws/arm_urdf -DCMAKE_INSTALL_PREFIX=/home/sk8terboi/arduinobot_ws/install/arm_urdf
[0.678s] Invoking command in '/home/sk8terboi/arduinobot_ws/build/arm_urdf': CMAKE_PREFIX_PATH=${CMAKE_PREFIX_PATH}:/home/sk8terboi/ros2_ws/install/robot_contoller:/home/sk8terboi/ros2_ws/install/my_robot_controller:/home/sk8terboi/arduinobot_ws/install/arduinobot_py_example:/opt/ros/humble /usr/bin/cmake --build /home/sk8terboi/arduinobot_ws/build/arm_urdf -- -j16 -l16
[0.699s] Invoked command in '/home/sk8terboi/arduinobot_ws/build/arm_urdf' returned '0': CMAKE_PREFIX_PATH=${CMAKE_PREFIX_PATH}:/home/sk8terboi/ros2_ws/install/robot_contoller:/home/sk8terboi/ros2_ws/install/my_robot_controller:/home/sk8terboi/arduinobot_ws/install/arduinobot_py_example:/opt/ros/humble /usr/bin/cmake --build /home/sk8terboi/arduinobot_ws/build/arm_urdf -- -j16 -l16
[0.718s] Invoking command in '/home/sk8terboi/arduinobot_ws/build/arm_urdf': CMAKE_PREFIX_PATH=${CMAKE_PREFIX_PATH}:/home/sk8terboi/ros2_ws/install/robot_contoller:/home/sk8terboi/ros2_ws/install/my_robot_controller:/home/sk8terboi/arduinobot_ws/install/arduinobot_py_example:/opt/ros/humble /usr/bin/cmake --install /home/sk8terboi/arduinobot_ws/build/arm_urdf
[0.722s] -- Install configuration: ""
[0.722s] -- Installing: /home/sk8terboi/arduinobot_ws/install/arm_urdf/share/ament_index/resource_index/package_run_dependencies/arm_urdf
[0.722s] -- Installing: /home/sk8terboi/arduinobot_ws/install/arm_urdf/share/ament_index/resource_index/parent_prefix_path/arm_urdf
[0.722s] -- Installing: /home/sk8terboi/arduinobot_ws/install/arm_urdf/share/arm_urdf/environment/ament_prefix_path.sh
[0.722s] -- Installing: /home/sk8terboi/arduinobot_ws/install/arm_urdf/share/arm_urdf/environment/ament_prefix_path.dsv
[0.722s] -- Installing: /home/sk8terboi/arduinobot_ws/install/arm_urdf/share/arm_urdf/environment/path.sh
[0.722s] -- Installing: /home/sk8terboi/arduinobot_ws/install/arm_urdf/share/arm_urdf/environment/path.dsv
[0.722s] -- Installing: /home/sk8terboi/arduinobot_ws/install/arm_urdf/share/arm_urdf/local_setup.bash
[0.722s] -- Installing: /home/sk8terboi/arduinobot_ws/install/arm_urdf/share/arm_urdf/local_setup.sh
[0.722s] -- Installing: /home/sk8terboi/arduinobot_ws/install/arm_urdf/share/arm_urdf/local_setup.zsh
[0.722s] -- Installing: /home/sk8terboi/arduinobot_ws/install/arm_urdf/share/arm_urdf/local_setup.dsv
[0.722s] -- Installing: /home/sk8terboi/arduinobot_ws/install/arm_urdf/share/arm_urdf/package.dsv
[0.722s] -- Installing: /home/sk8terboi/arduinobot_ws/install/arm_urdf/share/ament_index/resource_index/packages/arm_urdf
[0.722s] -- Installing: /home/sk8terboi/arduinobot_ws/install/arm_urdf/share/arm_urdf/cmake/arm_urdfConfig.cmake
[0.722s] -- Installing: /home/sk8terboi/arduinobot_ws/install/arm_urdf/share/arm_urdf/cmake/arm_urdfConfig-version.cmake
[0.722s] -- Installing: /home/sk8terboi/arduinobot_ws/install/arm_urdf/share/arm_urdf/package.xml
[0.724s] Invoked command in '/home/sk8terboi/arduinobot_ws/build/arm_urdf' returned '0': CMAKE_PREFIX_PATH=${CMAKE_PREFIX_PATH}:/home/sk8terboi/ros2_ws/install/robot_contoller:/home/sk8terboi/ros2_ws/install/my_robot_controller:/home/sk8terboi/arduinobot_ws/install/arduinobot_py_example:/opt/ros/humble /usr/bin/cmake --install /home/sk8terboi/arduinobot_ws/build/arm_urdf
