[0.052s] DEBUG:colcon:Command line arguments: ['/usr/bin/colcon', 'build']
[0.052s] DEBUG:colcon:Parsed command line arguments: Namespace(log_base=None, log_level=None, verb_name='build', build_base='build', install_base='install', merge_install=False, symlink_install=False, test_result_base=None, continue_on_error=False, executor='parallel', parallel_workers=16, event_handlers=None, ignore_user_meta=False, metas=['./colcon.meta'], base_paths=['.'], packages_ignore=None, packages_ignore_regex=None, paths=None, packages_up_to=None, packages_up_to_regex=None, packages_above=None, packages_above_and_dependencies=None, packages_above_depth=None, packages_select_by_dep=None, packages_skip_by_dep=None, packages_skip_up_to=None, packages_select_build_failed=False, packages_skip_build_finished=False, packages_select_test_failures=False, packages_skip_test_passed=False, packages_select=None, packages_skip=None, packages_select_regex=None, packages_skip_regex=None, packages_start=None, packages_end=None, allow_overriding=[], cmake_args=None, cmake_target=None, cmake_target_skip_unavailable=False, cmake_clean_cache=False, cmake_clean_first=False, cmake_force_configure=False, ament_cmake_args=None, catkin_cmake_args=None, catkin_skip_building_tests=False, verb_parser=<colcon_defaults.argument_parser.defaults.DefaultArgumentsDecorator object at 0x7d2b110e76a0>, verb_extension=<colcon_core.verb.build.BuildVerb object at 0x7d2b110e7220>, main=<bound method BuildVerb.main of <colcon_core.verb.build.BuildVerb object at 0x7d2b110e7220>>)
[0.114s] Level 1:colcon.colcon_core.package_discovery:discover_packages(colcon_meta) check parameters
[0.114s] Level 1:colcon.colcon_core.package_discovery:discover_packages(recursive) check parameters
[0.114s] Level 1:colcon.colcon_core.package_discovery:discover_packages(ignore) check parameters
[0.114s] Level 1:colcon.colcon_core.package_discovery:discover_packages(path) check parameters
[0.114s] Level 1:colcon.colcon_core.package_discovery:discover_packages(colcon_meta) discover
[0.114s] Level 1:colcon.colcon_core.package_discovery:discover_packages(recursive) discover
[0.114s] INFO:colcon.colcon_core.package_discovery:Crawling recursively for packages in '/home/sk8terboi/arduinobot_ws'
[0.114s] Level 1:colcon.colcon_core.package_identification:_identify(.) by extensions ['ignore', 'ignore_ament_install']
[0.114s] Level 1:colcon.colcon_core.package_identification:_identify(.) by extension 'ignore'
[0.114s] Level 1:colcon.colcon_core.package_identification:_identify(.) by extension 'ignore_ament_install'
[0.114s] Level 1:colcon.colcon_core.package_identification:_identify(.) by extensions ['colcon_pkg']
[0.114s] Level 1:colcon.colcon_core.package_identification:_identify(.) by extension 'colcon_pkg'
[0.114s] Level 1:colcon.colcon_core.package_identification:_identify(.) by extensions ['colcon_meta']
[0.114s] Level 1:colcon.colcon_core.package_identification:_identify(.) by extension 'colcon_meta'
[0.114s] Level 1:colcon.colcon_core.package_identification:_identify(.) by extensions ['ros']
[0.114s] Level 1:colcon.colcon_core.package_identification:_identify(.) by extension 'ros'
[0.120s] Level 1:colcon.colcon_core.package_identification:_identify(.) by extensions ['cmake', 'python']
[0.120s] Level 1:colcon.colcon_core.package_identification:_identify(.) by extension 'cmake'
[0.120s] Level 1:colcon.colcon_core.package_identification:_identify(.) by extension 'python'
[0.120s] Level 1:colcon.colcon_core.package_identification:_identify(.) by extensions ['python_setup_py']
[0.120s] Level 1:colcon.colcon_core.package_identification:_identify(.) by extension 'python_setup_py'
[0.120s] Level 1:colcon.colcon_core.package_identification:_identify(build) by extensions ['ignore', 'ignore_ament_install']
[0.120s] Level 1:colcon.colcon_core.package_identification:_identify(build) by extension 'ignore'
[0.120s] Level 1:colcon.colcon_core.package_identification:_identify(build) ignored
[0.121s] Level 1:colcon.colcon_core.package_identification:_identify(install) by extensions ['ignore', 'ignore_ament_install']
[0.121s] Level 1:colcon.colcon_core.package_identification:_identify(install) by extension 'ignore'
[0.121s] Level 1:colcon.colcon_core.package_identification:_identify(install) ignored
[0.121s] Level 1:colcon.colcon_core.package_identification:_identify(log) by extensions ['ignore', 'ignore_ament_install']
[0.121s] Level 1:colcon.colcon_core.package_identification:_identify(log) by extension 'ignore'
[0.121s] Level 1:colcon.colcon_core.package_identification:_identify(log) ignored
[0.121s] Level 1:colcon.colcon_core.package_identification:_identify(myenv) by extensions ['ignore', 'ignore_ament_install']
[0.121s] Level 1:colcon.colcon_core.package_identification:_identify(myenv) by extension 'ignore'
[0.121s] Level 1:colcon.colcon_core.package_identification:_identify(myenv) by extension 'ignore_ament_install'
[0.121s] Level 1:colcon.colcon_core.package_identification:_identify(myenv) by extensions ['colcon_pkg']
[0.121s] Level 1:colcon.colcon_core.package_identification:_identify(myenv) by extension 'colcon_pkg'
[0.121s] Level 1:colcon.colcon_core.package_identification:_identify(myenv) by extensions ['colcon_meta']
[0.121s] Level 1:colcon.colcon_core.package_identification:_identify(myenv) by extension 'colcon_meta'
[0.121s] Level 1:colcon.colcon_core.package_identification:_identify(myenv) by extensions ['ros']
[0.121s] Level 1:colcon.colcon_core.package_identification:_identify(myenv) by extension 'ros'
[0.121s] Level 1:colcon.colcon_core.package_identification:_identify(myenv) by extensions ['cmake', 'python']
[0.121s] Level 1:colcon.colcon_core.package_identification:_identify(myenv) by extension 'cmake'
[0.121s] Level 1:colcon.colcon_core.package_identification:_identify(myenv) by extension 'python'
[0.121s] Level 1:colcon.colcon_core.package_identification:_identify(myenv) by extensions ['python_setup_py']
[0.121s] Level 1:colcon.colcon_core.package_identification:_identify(myenv) by extension 'python_setup_py'
[0.121s] Level 1:colcon.colcon_core.package_identification:_identify(myenv/bin) by extensions ['ignore', 'ignore_ament_install']
[0.121s] Level 1:colcon.colcon_core.package_identification:_identify(myenv/bin) by extension 'ignore'
[0.121s] Level 1:colcon.colcon_core.package_identification:_identify(myenv/bin) by extension 'ignore_ament_install'
[0.121s] Level 1:colcon.colcon_core.package_identification:_identify(myenv/bin) by extensions ['colcon_pkg']
[0.121s] Level 1:colcon.colcon_core.package_identification:_identify(myenv/bin) by extension 'colcon_pkg'
[0.121s] Level 1:colcon.colcon_core.package_identification:_identify(myenv/bin) by extensions ['colcon_meta']
[0.121s] Level 1:colcon.colcon_core.package_identification:_identify(myenv/bin) by extension 'colcon_meta'
[0.121s] Level 1:colcon.colcon_core.package_identification:_identify(myenv/bin) by extensions ['ros']
[0.121s] Level 1:colcon.colcon_core.package_identification:_identify(myenv/bin) by extension 'ros'
[0.121s] Level 1:colcon.colcon_core.package_identification:_identify(myenv/bin) by extensions ['cmake', 'python']
[0.121s] Level 1:colcon.colcon_core.package_identification:_identify(myenv/bin) by extension 'cmake'
[0.121s] Level 1:colcon.colcon_core.package_identification:_identify(myenv/bin) by extension 'python'
[0.121s] Level 1:colcon.colcon_core.package_identification:_identify(myenv/bin) by extensions ['python_setup_py']
[0.121s] Level 1:colcon.colcon_core.package_identification:_identify(myenv/bin) by extension 'python_setup_py'
[0.121s] Level 1:colcon.colcon_core.package_identification:_identify(myenv/include) by extensions ['ignore', 'ignore_ament_install']
[0.121s] Level 1:colcon.colcon_core.package_identification:_identify(myenv/include) by extension 'ignore'
[0.121s] Level 1:colcon.colcon_core.package_identification:_identify(myenv/include) by extension 'ignore_ament_install'
[0.121s] Level 1:colcon.colcon_core.package_identification:_identify(myenv/include) by extensions ['colcon_pkg']
[0.121s] Level 1:colcon.colcon_core.package_identification:_identify(myenv/include) by extension 'colcon_pkg'
[0.121s] Level 1:colcon.colcon_core.package_identification:_identify(myenv/include) by extensions ['colcon_meta']
[0.122s] Level 1:colcon.colcon_core.package_identification:_identify(myenv/include) by extension 'colcon_meta'
[0.122s] Level 1:colcon.colcon_core.package_identification:_identify(myenv/include) by extensions ['ros']
[0.122s] Level 1:colcon.colcon_core.package_identification:_identify(myenv/include) by extension 'ros'
[0.122s] Level 1:colcon.colcon_core.package_identification:_identify(myenv/include) by extensions ['cmake', 'python']
[0.122s] Level 1:colcon.colcon_core.package_identification:_identify(myenv/include) by extension 'cmake'
[0.122s] Level 1:colcon.colcon_core.package_identification:_identify(myenv/include) by extension 'python'
[0.122s] Level 1:colcon.colcon_core.package_identification:_identify(myenv/include) by extensions ['python_setup_py']
[0.122s] Level 1:colcon.colcon_core.package_identification:_identify(myenv/include) by extension 'python_setup_py'
[0.122s] Level 1:colcon.colcon_core.package_identification:_identify(myenv/lib) by extensions ['ignore', 'ignore_ament_install']
[0.122s] Level 1:colcon.colcon_core.package_identification:_identify(myenv/lib) by extension 'ignore'
[0.122s] Level 1:colcon.colcon_core.package_identification:_identify(myenv/lib) by extension 'ignore_ament_install'
[0.122s] Level 1:colcon.colcon_core.package_identification:_identify(myenv/lib) by extensions ['colcon_pkg']
[0.122s] Level 1:colcon.colcon_core.package_identification:_identify(myenv/lib) by extension 'colcon_pkg'
[0.122s] Level 1:colcon.colcon_core.package_identification:_identify(myenv/lib) by extensions ['colcon_meta']
[0.122s] Level 1:colcon.colcon_core.package_identification:_identify(myenv/lib) by extension 'colcon_meta'
[0.122s] Level 1:colcon.colcon_core.package_identification:_identify(myenv/lib) by extensions ['ros']
[0.122s] Level 1:colcon.colcon_core.package_identification:_identify(myenv/lib) by extension 'ros'
[0.122s] Level 1:colcon.colcon_core.package_identification:_identify(myenv/lib) by extensions ['cmake', 'python']
[0.122s] Level 1:colcon.colcon_core.package_identification:_identify(myenv/lib) by extension 'cmake'
[0.122s] Level 1:colcon.colcon_core.package_identification:_identify(myenv/lib) by extension 'python'
[0.122s] Level 1:colcon.colcon_core.package_identification:_identify(myenv/lib) by extensions ['python_setup_py']
[0.122s] Level 1:colcon.colcon_core.package_identification:_identify(myenv/lib) by extension 'python_setup_py'
[0.122s] Level 1:colcon.colcon_core.package_identification:_identify(myenv/lib/python3.9) by extensions ['ignore', 'ignore_ament_install']
[0.122s] Level 1:colcon.colcon_core.package_identification:_identify(myenv/lib/python3.9) by extension 'ignore'
[0.122s] Level 1:colcon.colcon_core.package_identification:_identify(myenv/lib/python3.9) by extension 'ignore_ament_install'
[0.122s] Level 1:colcon.colcon_core.package_identification:_identify(myenv/lib/python3.9) by extensions ['colcon_pkg']
[0.122s] Level 1:colcon.colcon_core.package_identification:_identify(myenv/lib/python3.9) by extension 'colcon_pkg'
[0.122s] Level 1:colcon.colcon_core.package_identification:_identify(myenv/lib/python3.9) by extensions ['colcon_meta']
[0.122s] Level 1:colcon.colcon_core.package_identification:_identify(myenv/lib/python3.9) by extension 'colcon_meta'
[0.122s] Level 1:colcon.colcon_core.package_identification:_identify(myenv/lib/python3.9) by extensions ['ros']
[0.122s] Level 1:colcon.colcon_core.package_identification:_identify(myenv/lib/python3.9) by extension 'ros'
[0.122s] Level 1:colcon.colcon_core.package_identification:_identify(myenv/lib/python3.9) by extensions ['cmake', 'python']
[0.122s] Level 1:colcon.colcon_core.package_identification:_identify(myenv/lib/python3.9) by extension 'cmake'
[0.122s] Level 1:colcon.colcon_core.package_identification:_identify(myenv/lib/python3.9) by extension 'python'
[0.122s] Level 1:colcon.colcon_core.package_identification:_identify(myenv/lib/python3.9) by extensions ['python_setup_py']
[0.122s] Level 1:colcon.colcon_core.package_identification:_identify(myenv/lib/python3.9) by extension 'python_setup_py'
[0.122s] Level 1:colcon.colcon_core.package_identification:_identify(myenv/lib/python3.9/site-packages) by extensions ['ignore', 'ignore_ament_install']
[0.122s] Level 1:colcon.colcon_core.package_identification:_identify(myenv/lib/python3.9/site-packages) by extension 'ignore'
[0.122s] Level 1:colcon.colcon_core.package_identification:_identify(myenv/lib/python3.9/site-packages) by extension 'ignore_ament_install'
[0.122s] Level 1:colcon.colcon_core.package_identification:_identify(myenv/lib/python3.9/site-packages) by extensions ['colcon_pkg']
[0.122s] Level 1:colcon.colcon_core.package_identification:_identify(myenv/lib/python3.9/site-packages) by extension 'colcon_pkg'
[0.122s] Level 1:colcon.colcon_core.package_identification:_identify(myenv/lib/python3.9/site-packages) by extensions ['colcon_meta']
[0.122s] Level 1:colcon.colcon_core.package_identification:_identify(myenv/lib/python3.9/site-packages) by extension 'colcon_meta'
[0.122s] Level 1:colcon.colcon_core.package_identification:_identify(myenv/lib/python3.9/site-packages) by extensions ['ros']
[0.122s] Level 1:colcon.colcon_core.package_identification:_identify(myenv/lib/python3.9/site-packages) by extension 'ros'
[0.122s] Level 1:colcon.colcon_core.package_identification:_identify(myenv/lib/python3.9/site-packages) by extensions ['cmake', 'python']
[0.122s] Level 1:colcon.colcon_core.package_identification:_identify(myenv/lib/python3.9/site-packages) by extension 'cmake'
[0.122s] Level 1:colcon.colcon_core.package_identification:_identify(myenv/lib/python3.9/site-packages) by extension 'python'
[0.123s] Level 1:colcon.colcon_core.package_identification:_identify(myenv/lib/python3.9/site-packages) by extensions ['python_setup_py']
[0.123s] Level 1:colcon.colcon_core.package_identification:_identify(myenv/lib/python3.9/site-packages) by extension 'python_setup_py'
[0.123s] Level 1:colcon.colcon_core.package_identification:_identify(src) by extensions ['ignore', 'ignore_ament_install']
[0.123s] Level 1:colcon.colcon_core.package_identification:_identify(src) by extension 'ignore'
[0.123s] Level 1:colcon.colcon_core.package_identification:_identify(src) by extension 'ignore_ament_install'
[0.123s] Level 1:colcon.colcon_core.package_identification:_identify(src) by extensions ['colcon_pkg']
[0.123s] Level 1:colcon.colcon_core.package_identification:_identify(src) by extension 'colcon_pkg'
[0.123s] Level 1:colcon.colcon_core.package_identification:_identify(src) by extensions ['colcon_meta']
[0.123s] Level 1:colcon.colcon_core.package_identification:_identify(src) by extension 'colcon_meta'
[0.123s] Level 1:colcon.colcon_core.package_identification:_identify(src) by extensions ['ros']
[0.123s] Level 1:colcon.colcon_core.package_identification:_identify(src) by extension 'ros'
[0.123s] Level 1:colcon.colcon_core.package_identification:_identify(src) by extensions ['cmake', 'python']
[0.123s] Level 1:colcon.colcon_core.package_identification:_identify(src) by extension 'cmake'
[0.123s] Level 1:colcon.colcon_core.package_identification:_identify(src) by extension 'python'
[0.123s] Level 1:colcon.colcon_core.package_identification:_identify(src) by extensions ['python_setup_py']
[0.123s] Level 1:colcon.colcon_core.package_identification:_identify(src) by extension 'python_setup_py'
[0.123s] Level 1:colcon.colcon_core.package_identification:_identify(src/arduinobot_cpp_example) by extensions ['ignore', 'ignore_ament_install']
[0.123s] Level 1:colcon.colcon_core.package_identification:_identify(src/arduinobot_cpp_example) by extension 'ignore'
[0.123s] Level 1:colcon.colcon_core.package_identification:_identify(src/arduinobot_cpp_example) by extension 'ignore_ament_install'
[0.123s] Level 1:colcon.colcon_core.package_identification:_identify(src/arduinobot_cpp_example) by extensions ['colcon_pkg']
[0.123s] Level 1:colcon.colcon_core.package_identification:_identify(src/arduinobot_cpp_example) by extension 'colcon_pkg'
[0.123s] Level 1:colcon.colcon_core.package_identification:_identify(src/arduinobot_cpp_example) by extensions ['colcon_meta']
[0.123s] Level 1:colcon.colcon_core.package_identification:_identify(src/arduinobot_cpp_example) by extension 'colcon_meta'
[0.123s] Level 1:colcon.colcon_core.package_identification:_identify(src/arduinobot_cpp_example) by extensions ['ros']
[0.123s] Level 1:colcon.colcon_core.package_identification:_identify(src/arduinobot_cpp_example) by extension 'ros'
[0.124s] DEBUG:colcon.colcon_core.package_identification:Package 'src/arduinobot_cpp_example' with type 'ros.ament_cmake' and name 'arduinobot_cpp_example'
[0.125s] Level 1:colcon.colcon_core.package_identification:_identify(src/arduinobot_py_example) by extensions ['ignore', 'ignore_ament_install']
[0.125s] Level 1:colcon.colcon_core.package_identification:_identify(src/arduinobot_py_example) by extension 'ignore'
[0.125s] Level 1:colcon.colcon_core.package_identification:_identify(src/arduinobot_py_example) by extension 'ignore_ament_install'
[0.125s] Level 1:colcon.colcon_core.package_identification:_identify(src/arduinobot_py_example) by extensions ['colcon_pkg']
[0.125s] Level 1:colcon.colcon_core.package_identification:_identify(src/arduinobot_py_example) by extension 'colcon_pkg'
[0.125s] Level 1:colcon.colcon_core.package_identification:_identify(src/arduinobot_py_example) by extensions ['colcon_meta']
[0.125s] Level 1:colcon.colcon_core.package_identification:_identify(src/arduinobot_py_example) by extension 'colcon_meta'
[0.125s] Level 1:colcon.colcon_core.package_identification:_identify(src/arduinobot_py_example) by extensions ['ros']
[0.125s] Level 1:colcon.colcon_core.package_identification:_identify(src/arduinobot_py_example) by extension 'ros'
[0.125s] DEBUG:colcon.colcon_core.package_identification:Package 'src/arduinobot_py_example' with type 'ros.ament_python' and name 'arduinobot_py_example'
[0.125s] Level 1:colcon.colcon_core.package_discovery:discover_packages(recursive) using defaults
[0.125s] Level 1:colcon.colcon_core.package_discovery:discover_packages(ignore) discover
[0.125s] Level 1:colcon.colcon_core.package_discovery:discover_packages(ignore) using defaults
[0.125s] Level 1:colcon.colcon_core.package_discovery:discover_packages(path) discover
[0.125s] Level 1:colcon.colcon_core.package_discovery:discover_packages(path) using defaults
[0.137s] Level 1:colcon.colcon_core.package_discovery:discover_packages(prefix_path) check parameters
[0.137s] Level 1:colcon.colcon_core.package_discovery:discover_packages(prefix_path) discover
[0.137s] Level 1:colcon.colcon_core.package_discovery:discover_packages(prefix_path) using defaults
[0.138s] Level 5:colcon.colcon_core.verb:set package 'arduinobot_cpp_example' build argument 'cmake_args' from command line to 'None'
[0.138s] Level 5:colcon.colcon_core.verb:set package 'arduinobot_cpp_example' build argument 'cmake_target' from command line to 'None'
[0.138s] Level 5:colcon.colcon_core.verb:set package 'arduinobot_cpp_example' build argument 'cmake_target_skip_unavailable' from command line to 'False'
[0.138s] Level 5:colcon.colcon_core.verb:set package 'arduinobot_cpp_example' build argument 'cmake_clean_cache' from command line to 'False'
[0.138s] Level 5:colcon.colcon_core.verb:set package 'arduinobot_cpp_example' build argument 'cmake_clean_first' from command line to 'False'
[0.138s] Level 5:colcon.colcon_core.verb:set package 'arduinobot_cpp_example' build argument 'cmake_force_configure' from command line to 'False'
[0.138s] Level 5:colcon.colcon_core.verb:set package 'arduinobot_cpp_example' build argument 'ament_cmake_args' from command line to 'None'
[0.138s] Level 5:colcon.colcon_core.verb:set package 'arduinobot_cpp_example' build argument 'catkin_cmake_args' from command line to 'None'
[0.138s] Level 5:colcon.colcon_core.verb:set package 'arduinobot_cpp_example' build argument 'catkin_skip_building_tests' from command line to 'False'
[0.138s] DEBUG:colcon.colcon_core.verb:Building package 'arduinobot_cpp_example' with the following arguments: {'ament_cmake_args': None, 'build_base': '/home/sk8terboi/arduinobot_ws/build/arduinobot_cpp_example', 'catkin_cmake_args': None, 'catkin_skip_building_tests': False, 'cmake_args': None, 'cmake_clean_cache': False, 'cmake_clean_first': False, 'cmake_force_configure': False, 'cmake_target': None, 'cmake_target_skip_unavailable': False, 'install_base': '/home/sk8terboi/arduinobot_ws/install/arduinobot_cpp_example', 'merge_install': False, 'path': '/home/sk8terboi/arduinobot_ws/src/arduinobot_cpp_example', 'symlink_install': False, 'test_result_base': None}
[0.138s] Level 5:colcon.colcon_core.verb:set package 'arduinobot_py_example' build argument 'cmake_args' from command line to 'None'
[0.138s] Level 5:colcon.colcon_core.verb:set package 'arduinobot_py_example' build argument 'cmake_target' from command line to 'None'
[0.138s] Level 5:colcon.colcon_core.verb:set package 'arduinobot_py_example' build argument 'cmake_target_skip_unavailable' from command line to 'False'
[0.138s] Level 5:colcon.colcon_core.verb:set package 'arduinobot_py_example' build argument 'cmake_clean_cache' from command line to 'False'
[0.138s] Level 5:colcon.colcon_core.verb:set package 'arduinobot_py_example' build argument 'cmake_clean_first' from command line to 'False'
[0.138s] Level 5:colcon.colcon_core.verb:set package 'arduinobot_py_example' build argument 'cmake_force_configure' from command line to 'False'
[0.138s] Level 5:colcon.colcon_core.verb:set package 'arduinobot_py_example' build argument 'ament_cmake_args' from command line to 'None'
[0.138s] Level 5:colcon.colcon_core.verb:set package 'arduinobot_py_example' build argument 'catkin_cmake_args' from command line to 'None'
[0.138s] Level 5:colcon.colcon_core.verb:set package 'arduinobot_py_example' build argument 'catkin_skip_building_tests' from command line to 'False'
[0.138s] DEBUG:colcon.colcon_core.verb:Building package 'arduinobot_py_example' with the following arguments: {'ament_cmake_args': None, 'build_base': '/home/sk8terboi/arduinobot_ws/build/arduinobot_py_example', 'catkin_cmake_args': None, 'catkin_skip_building_tests': False, 'cmake_args': None, 'cmake_clean_cache': False, 'cmake_clean_first': False, 'cmake_force_configure': False, 'cmake_target': None, 'cmake_target_skip_unavailable': False, 'install_base': '/home/sk8terboi/arduinobot_ws/install/arduinobot_py_example', 'merge_install': False, 'path': '/home/sk8terboi/arduinobot_ws/src/arduinobot_py_example', 'symlink_install': False, 'test_result_base': None}
[0.138s] INFO:colcon.colcon_core.executor:Executing jobs using 'parallel' executor
[0.139s] DEBUG:colcon.colcon_parallel_executor.executor.parallel:run_until_complete
[0.139s] INFO:colcon.colcon_ros.task.ament_cmake.build:Building ROS package in '/home/sk8terboi/arduinobot_ws/src/arduinobot_cpp_example' with build type 'ament_cmake'
[0.139s] INFO:colcon.colcon_cmake.task.cmake.build:Building CMake package in '/home/sk8terboi/arduinobot_ws/src/arduinobot_cpp_example'
[0.140s] INFO:colcon.colcon_core.plugin_system:Skipping extension 'colcon_core.shell.bat': Not used on non-Windows systems
[0.141s] INFO:colcon.colcon_core.shell:Skip shell extension 'powershell' for command environment: Not usable outside of PowerShell
[0.141s] DEBUG:colcon.colcon_core.shell:Skip shell extension 'dsv' for command environment
[0.142s] INFO:colcon.colcon_ros.task.ament_python.build:Building ROS package in '/home/sk8terboi/arduinobot_ws/src/arduinobot_py_example' with build type 'ament_python'
[0.142s] Level 1:colcon.colcon_core.shell:create_environment_hook('arduinobot_py_example', 'ament_prefix_path')
[0.142s] INFO:colcon.colcon_core.shell:Creating environment hook '/home/sk8terboi/arduinobot_ws/install/arduinobot_py_example/share/arduinobot_py_example/hook/ament_prefix_path.ps1'
[0.142s] INFO:colcon.colcon_core.shell:Creating environment descriptor '/home/sk8terboi/arduinobot_ws/install/arduinobot_py_example/share/arduinobot_py_example/hook/ament_prefix_path.dsv'
[0.142s] INFO:colcon.colcon_core.shell:Creating environment hook '/home/sk8terboi/arduinobot_ws/install/arduinobot_py_example/share/arduinobot_py_example/hook/ament_prefix_path.sh'
[0.143s] INFO:colcon.colcon_core.shell:Skip shell extension 'powershell' for command environment: Not usable outside of PowerShell
[0.143s] DEBUG:colcon.colcon_core.shell:Skip shell extension 'dsv' for command environment
[0.146s] DEBUG:colcon.colcon_core.event_handler.log_command:Invoking command in '/home/sk8terboi/arduinobot_ws/build/arduinobot_cpp_example': /usr/bin/cmake --build /home/sk8terboi/arduinobot_ws/build/arduinobot_cpp_example -- -j16 -l16
[0.250s] INFO:colcon.colcon_core.task.python.build:Building Python package in '/home/sk8terboi/arduinobot_ws/src/arduinobot_py_example'
[0.250s] INFO:colcon.colcon_core.shell:Skip shell extension 'powershell' for command environment: Not usable outside of PowerShell
[0.250s] DEBUG:colcon.colcon_core.shell:Skip shell extension 'dsv' for command environment
[0.252s] DEBUG:colcon.colcon_core.event_handler.log_command:Invoked command in '/home/sk8terboi/arduinobot_ws/build/arduinobot_cpp_example' returned '0': /usr/bin/cmake --build /home/sk8terboi/arduinobot_ws/build/arduinobot_cpp_example -- -j16 -l16
[0.270s] DEBUG:colcon.colcon_core.event_handler.log_command:Invoking command in '/home/sk8terboi/arduinobot_ws/build/arduinobot_cpp_example': /usr/bin/cmake --install /home/sk8terboi/arduinobot_ws/build/arduinobot_cpp_example
[0.282s] Level 1:colcon.colcon_core.environment:create_environment_scripts_only(arduinobot_cpp_example)
[0.282s] DEBUG:colcon.colcon_core.event_handler.log_command:Invoked command in '/home/sk8terboi/arduinobot_ws/build/arduinobot_cpp_example' returned '0': /usr/bin/cmake --install /home/sk8terboi/arduinobot_ws/build/arduinobot_cpp_example
[0.283s] Level 1:colcon.colcon_core.environment:checking '/home/sk8terboi/arduinobot_ws/install/arduinobot_cpp_example' for CMake module files
[0.283s] Level 1:colcon.colcon_core.environment:checking '/home/sk8terboi/arduinobot_ws/install/arduinobot_cpp_example' for CMake config files
[0.283s] Level 1:colcon.colcon_core.shell:create_environment_hook('arduinobot_cpp_example', 'cmake_prefix_path')
[0.284s] INFO:colcon.colcon_core.shell:Creating environment hook '/home/sk8terboi/arduinobot_ws/install/arduinobot_cpp_example/share/arduinobot_cpp_example/hook/cmake_prefix_path.ps1'
[0.284s] INFO:colcon.colcon_core.shell:Creating environment descriptor '/home/sk8terboi/arduinobot_ws/install/arduinobot_cpp_example/share/arduinobot_cpp_example/hook/cmake_prefix_path.dsv'
[0.284s] INFO:colcon.colcon_core.shell:Creating environment hook '/home/sk8terboi/arduinobot_ws/install/arduinobot_cpp_example/share/arduinobot_cpp_example/hook/cmake_prefix_path.sh'
[0.284s] Level 1:colcon.colcon_core.environment:checking '/home/sk8terboi/arduinobot_ws/install/arduinobot_cpp_example/bin'
[0.284s] Level 1:colcon.colcon_core.environment:checking '/home/sk8terboi/arduinobot_ws/install/arduinobot_cpp_example/lib/pkgconfig/arduinobot_cpp_example.pc'
[0.284s] Level 1:colcon.colcon_core.environment:checking '/home/sk8terboi/arduinobot_ws/install/arduinobot_cpp_example/lib/python3.10/site-packages'
[0.285s] Level 1:colcon.colcon_core.environment:checking '/home/sk8terboi/arduinobot_ws/install/arduinobot_cpp_example/bin'
[0.285s] INFO:colcon.colcon_core.shell:Creating package script '/home/sk8terboi/arduinobot_ws/install/arduinobot_cpp_example/share/arduinobot_cpp_example/package.ps1'
[0.285s] INFO:colcon.colcon_core.shell:Creating package descriptor '/home/sk8terboi/arduinobot_ws/install/arduinobot_cpp_example/share/arduinobot_cpp_example/package.dsv'
[0.285s] INFO:colcon.colcon_core.shell:Creating package script '/home/sk8terboi/arduinobot_ws/install/arduinobot_cpp_example/share/arduinobot_cpp_example/package.sh'
[0.286s] INFO:colcon.colcon_core.shell:Creating package script '/home/sk8terboi/arduinobot_ws/install/arduinobot_cpp_example/share/arduinobot_cpp_example/package.bash'
[0.286s] INFO:colcon.colcon_core.shell:Creating package script '/home/sk8terboi/arduinobot_ws/install/arduinobot_cpp_example/share/arduinobot_cpp_example/package.zsh'
[0.286s] Level 1:colcon.colcon_core.environment:create_file_with_runtime_dependencies(/home/sk8terboi/arduinobot_ws/install/arduinobot_cpp_example/share/colcon-core/packages/arduinobot_cpp_example)
[0.297s] Level 1:colcon.colcon_core.environment:create_environment_scripts_only(arduinobot_cpp_example)
[0.297s] Level 1:colcon.colcon_core.environment:checking '/home/sk8terboi/arduinobot_ws/install/arduinobot_cpp_example' for CMake module files
[0.297s] Level 1:colcon.colcon_core.environment:checking '/home/sk8terboi/arduinobot_ws/install/arduinobot_cpp_example' for CMake config files
[0.297s] Level 1:colcon.colcon_core.shell:create_environment_hook('arduinobot_cpp_example', 'cmake_prefix_path')
[0.297s] INFO:colcon.colcon_core.shell:Creating environment hook '/home/sk8terboi/arduinobot_ws/install/arduinobot_cpp_example/share/arduinobot_cpp_example/hook/cmake_prefix_path.ps1'
[0.297s] INFO:colcon.colcon_core.shell:Creating environment descriptor '/home/sk8terboi/arduinobot_ws/install/arduinobot_cpp_example/share/arduinobot_cpp_example/hook/cmake_prefix_path.dsv'
[0.298s] INFO:colcon.colcon_core.shell:Creating environment hook '/home/sk8terboi/arduinobot_ws/install/arduinobot_cpp_example/share/arduinobot_cpp_example/hook/cmake_prefix_path.sh'
[0.298s] Level 1:colcon.colcon_core.environment:checking '/home/sk8terboi/arduinobot_ws/install/arduinobot_cpp_example/bin'
[0.298s] Level 1:colcon.colcon_core.environment:checking '/home/sk8terboi/arduinobot_ws/install/arduinobot_cpp_example/lib/pkgconfig/arduinobot_cpp_example.pc'
[0.298s] Level 1:colcon.colcon_core.environment:checking '/home/sk8terboi/arduinobot_ws/install/arduinobot_cpp_example/lib/python3.10/site-packages'
[0.298s] Level 1:colcon.colcon_core.environment:checking '/home/sk8terboi/arduinobot_ws/install/arduinobot_cpp_example/bin'
[0.298s] INFO:colcon.colcon_core.shell:Creating package script '/home/sk8terboi/arduinobot_ws/install/arduinobot_cpp_example/share/arduinobot_cpp_example/package.ps1'
[0.299s] INFO:colcon.colcon_core.shell:Creating package descriptor '/home/sk8terboi/arduinobot_ws/install/arduinobot_cpp_example/share/arduinobot_cpp_example/package.dsv'
[0.299s] INFO:colcon.colcon_core.shell:Creating package script '/home/sk8terboi/arduinobot_ws/install/arduinobot_cpp_example/share/arduinobot_cpp_example/package.sh'
[0.299s] INFO:colcon.colcon_core.shell:Creating package script '/home/sk8terboi/arduinobot_ws/install/arduinobot_cpp_example/share/arduinobot_cpp_example/package.bash'
[0.299s] INFO:colcon.colcon_core.shell:Creating package script '/home/sk8terboi/arduinobot_ws/install/arduinobot_cpp_example/share/arduinobot_cpp_example/package.zsh'
[0.299s] Level 1:colcon.colcon_core.environment:create_file_with_runtime_dependencies(/home/sk8terboi/arduinobot_ws/install/arduinobot_cpp_example/share/colcon-core/packages/arduinobot_cpp_example)
[0.415s] DEBUG:colcon.colcon_core.event_handler.log_command:Invoking command in '/home/sk8terboi/arduinobot_ws/src/arduinobot_py_example': PYTHONPATH=/home/sk8terboi/arduinobot_ws/build/arduinobot_py_example/prefix_override:/home/sk8terboi/arduinobot_ws/install/arduinobot_py_example/lib/python3.10/site-packages: /usr/bin/python3 -W ignore:setup.py install is deprecated setup.py egg_info --egg-base ../../build/arduinobot_py_example build --build-base /home/sk8terboi/arduinobot_ws/build/arduinobot_py_example/build install --record /home/sk8terboi/arduinobot_ws/build/arduinobot_py_example/install.log --single-version-externally-managed install_data
[0.540s] Level 1:colcon.colcon_core.environment:checking '/home/sk8terboi/arduinobot_ws/install/arduinobot_py_example' for CMake module files
[0.541s] DEBUG:colcon.colcon_core.event_handler.log_command:Invoked command in '/home/sk8terboi/arduinobot_ws/src/arduinobot_py_example' returned '0': PYTHONPATH=/home/sk8terboi/arduinobot_ws/build/arduinobot_py_example/prefix_override:/home/sk8terboi/arduinobot_ws/install/arduinobot_py_example/lib/python3.10/site-packages: /usr/bin/python3 -W ignore:setup.py install is deprecated setup.py egg_info --egg-base ../../build/arduinobot_py_example build --build-base /home/sk8terboi/arduinobot_ws/build/arduinobot_py_example/build install --record /home/sk8terboi/arduinobot_ws/build/arduinobot_py_example/install.log --single-version-externally-managed install_data
[0.541s] Level 1:colcon.colcon_core.environment:checking '/home/sk8terboi/arduinobot_ws/install/arduinobot_py_example' for CMake config files
[0.541s] Level 1:colcon.colcon_core.environment:checking '/home/sk8terboi/arduinobot_ws/install/arduinobot_py_example/lib'
[0.541s] Level 1:colcon.colcon_core.environment:checking '/home/sk8terboi/arduinobot_ws/install/arduinobot_py_example/bin'
[0.541s] Level 1:colcon.colcon_core.environment:checking '/home/sk8terboi/arduinobot_ws/install/arduinobot_py_example/lib/pkgconfig/arduinobot_py_example.pc'
[0.541s] Level 1:colcon.colcon_core.environment:checking '/home/sk8terboi/arduinobot_ws/install/arduinobot_py_example/lib/python3.10/site-packages'
[0.542s] Level 1:colcon.colcon_core.shell:create_environment_hook('arduinobot_py_example', 'pythonpath')
[0.542s] INFO:colcon.colcon_core.shell:Creating environment hook '/home/sk8terboi/arduinobot_ws/install/arduinobot_py_example/share/arduinobot_py_example/hook/pythonpath.ps1'
[0.542s] INFO:colcon.colcon_core.shell:Creating environment descriptor '/home/sk8terboi/arduinobot_ws/install/arduinobot_py_example/share/arduinobot_py_example/hook/pythonpath.dsv'
[0.542s] INFO:colcon.colcon_core.shell:Creating environment hook '/home/sk8terboi/arduinobot_ws/install/arduinobot_py_example/share/arduinobot_py_example/hook/pythonpath.sh'
[0.542s] Level 1:colcon.colcon_core.environment:checking '/home/sk8terboi/arduinobot_ws/install/arduinobot_py_example/bin'
[0.543s] Level 1:colcon.colcon_core.environment:create_environment_scripts_only(arduinobot_py_example)
[0.543s] INFO:colcon.colcon_core.shell:Creating package script '/home/sk8terboi/arduinobot_ws/install/arduinobot_py_example/share/arduinobot_py_example/package.ps1'
[0.543s] INFO:colcon.colcon_core.shell:Creating package descriptor '/home/sk8terboi/arduinobot_ws/install/arduinobot_py_example/share/arduinobot_py_example/package.dsv'
[0.543s] INFO:colcon.colcon_core.shell:Creating package script '/home/sk8terboi/arduinobot_ws/install/arduinobot_py_example/share/arduinobot_py_example/package.sh'
[0.543s] INFO:colcon.colcon_core.shell:Creating package script '/home/sk8terboi/arduinobot_ws/install/arduinobot_py_example/share/arduinobot_py_example/package.bash'
[0.544s] INFO:colcon.colcon_core.shell:Creating package script '/home/sk8terboi/arduinobot_ws/install/arduinobot_py_example/share/arduinobot_py_example/package.zsh'
[0.544s] Level 1:colcon.colcon_core.environment:create_file_with_runtime_dependencies(/home/sk8terboi/arduinobot_ws/install/arduinobot_py_example/share/colcon-core/packages/arduinobot_py_example)
[0.544s] DEBUG:colcon.colcon_parallel_executor.executor.parallel:closing loop
[0.544s] DEBUG:colcon.colcon_parallel_executor.executor.parallel:loop closed
[0.544s] DEBUG:colcon.colcon_parallel_executor.executor.parallel:run_until_complete finished with '0'
[0.544s] DEBUG:colcon.colcon_core.event_reactor:joining thread
[0.547s] INFO:colcon.colcon_core.plugin_system:Skipping extension 'colcon_notification.desktop_notification.terminal_notifier': Not used on non-Darwin systems
[0.547s] INFO:colcon.colcon_core.plugin_system:Skipping extension 'colcon_notification.desktop_notification.win32': Not used on non-Windows systems
[0.547s] INFO:colcon.colcon_notification.desktop_notification:Sending desktop notification using 'notify2'
[0.554s] DEBUG:colcon.colcon_core.event_reactor:joined thread
[0.554s] INFO:colcon.colcon_core.shell:Creating prefix script '/home/sk8terboi/arduinobot_ws/install/local_setup.ps1'
[0.555s] INFO:colcon.colcon_core.shell:Creating prefix util module '/home/sk8terboi/arduinobot_ws/install/_local_setup_util_ps1.py'
[0.556s] INFO:colcon.colcon_core.shell:Creating prefix chain script '/home/sk8terboi/arduinobot_ws/install/setup.ps1'
[0.556s] INFO:colcon.colcon_core.shell:Creating prefix script '/home/sk8terboi/arduinobot_ws/install/local_setup.sh'
[0.557s] INFO:colcon.colcon_core.shell:Creating prefix util module '/home/sk8terboi/arduinobot_ws/install/_local_setup_util_sh.py'
[0.557s] INFO:colcon.colcon_core.shell:Creating prefix chain script '/home/sk8terboi/arduinobot_ws/install/setup.sh'
[0.557s] INFO:colcon.colcon_core.shell:Creating prefix script '/home/sk8terboi/arduinobot_ws/install/local_setup.bash'
[0.558s] INFO:colcon.colcon_core.shell:Creating prefix chain script '/home/sk8terboi/arduinobot_ws/install/setup.bash'
[0.558s] INFO:colcon.colcon_core.shell:Creating prefix script '/home/sk8terboi/arduinobot_ws/install/local_setup.zsh'
[0.558s] INFO:colcon.colcon_core.shell:Creating prefix chain script '/home/sk8terboi/arduinobot_ws/install/setup.zsh'
