[0.396s] Invoking command in '/home/sk8terboi/arduinobot_ws/src/arduinobot_py_example': PYTHONPATH=/home/sk8terboi/arduinobot_ws/build/arduinobot_py_example/prefix_override:/home/sk8terboi/arduinobot_ws/install/arduinobot_py_example/lib/python3.10/site-packages:${PYTHONPATH} /usr/bin/python3 -W ignore:setup.py install is deprecated setup.py egg_info --egg-base ../../build/arduinobot_py_example build --build-base /home/sk8terboi/arduinobot_ws/build/arduinobot_py_example/build install --record /home/sk8terboi/arduinobot_ws/build/arduinobot_py_example/install.log --single-version-externally-managed install_data
[0.517s] running egg_info
[0.518s] creating ../../build/arduinobot_py_example/arduinobot_py_example.egg-info
[0.518s] writing ../../build/arduinobot_py_example/arduinobot_py_example.egg-info/PKG-INFO
[0.518s] writing dependency_links to ../../build/arduinobot_py_example/arduinobot_py_example.egg-info/dependency_links.txt
[0.518s] writing entry points to ../../build/arduinobot_py_example/arduinobot_py_example.egg-info/entry_points.txt
[0.518s] writing requirements to ../../build/arduinobot_py_example/arduinobot_py_example.egg-info/requires.txt
[0.518s] writing top-level names to ../../build/arduinobot_py_example/arduinobot_py_example.egg-info/top_level.txt
[0.518s] writing manifest file '../../build/arduinobot_py_example/arduinobot_py_example.egg-info/SOURCES.txt'
[0.519s] reading manifest file '../../build/arduinobot_py_example/arduinobot_py_example.egg-info/SOURCES.txt'
[0.519s] writing manifest file '../../build/arduinobot_py_example/arduinobot_py_example.egg-info/SOURCES.txt'
[0.519s] running build
[0.519s] running build_py
[0.519s] creating /home/sk8terboi/arduinobot_ws/build/arduinobot_py_example/build
[0.519s] creating /home/sk8terboi/arduinobot_ws/build/arduinobot_py_example/build/lib
[0.519s] creating /home/sk8terboi/arduinobot_ws/build/arduinobot_py_example/build/lib/arduinobot_py_example
[0.519s] copying arduinobot_py_example/__init__.py -> /home/sk8terboi/arduinobot_ws/build/arduinobot_py_example/build/lib/arduinobot_py_example
[0.519s] running install
[0.519s] running install_lib
[0.520s] creating /home/sk8terboi/arduinobot_ws/install/arduinobot_py_example/lib/python3.10/site-packages/arduinobot_py_example
[0.520s] copying /home/sk8terboi/arduinobot_ws/build/arduinobot_py_example/build/lib/arduinobot_py_example/__init__.py -> /home/sk8terboi/arduinobot_ws/install/arduinobot_py_example/lib/python3.10/site-packages/arduinobot_py_example
[0.520s] byte-compiling /home/sk8terboi/arduinobot_ws/install/arduinobot_py_example/lib/python3.10/site-packages/arduinobot_py_example/__init__.py to __init__.cpython-310.pyc
[0.520s] running install_data
[0.520s] creating /home/sk8terboi/arduinobot_ws/install/arduinobot_py_example/share/ament_index
[0.520s] creating /home/sk8terboi/arduinobot_ws/install/arduinobot_py_example/share/ament_index/resource_index
[0.520s] creating /home/sk8terboi/arduinobot_ws/install/arduinobot_py_example/share/ament_index/resource_index/packages
[0.520s] copying resource/arduinobot_py_example -> /home/sk8terboi/arduinobot_ws/install/arduinobot_py_example/share/ament_index/resource_index/packages
[0.520s] copying package.xml -> /home/sk8terboi/arduinobot_ws/install/arduinobot_py_example/share/arduinobot_py_example
[0.520s] running install_egg_info
[0.521s] Copying ../../build/arduinobot_py_example/arduinobot_py_example.egg-info to /home/sk8terboi/arduinobot_ws/install/arduinobot_py_example/lib/python3.10/site-packages/arduinobot_py_example-0.0.0-py3.10.egg-info
[0.521s] running install_scripts
[0.536s] writing list of installed files to '/home/sk8terboi/arduinobot_ws/build/arduinobot_py_example/install.log'
[0.552s] Invoked command in '/home/sk8terboi/arduinobot_ws/src/arduinobot_py_example' returned '0': PYTHONPATH=/home/sk8terboi/arduinobot_ws/build/arduinobot_py_example/prefix_override:/home/sk8terboi/arduinobot_ws/install/arduinobot_py_example/lib/python3.10/site-packages:${PYTHONPATH} /usr/bin/python3 -W ignore:setup.py install is deprecated setup.py egg_info --egg-base ../../build/arduinobot_py_example build --build-base /home/sk8terboi/arduinobot_ws/build/arduinobot_py_example/build install --record /home/sk8terboi/arduinobot_ws/build/arduinobot_py_example/install.log --single-version-externally-managed install_data
